{"timestamp":"2023-02-22T01:55:51.482+07:00","version":"1","msg":"Starting CronServiceApplicationTests using Java 17.0.6 with PID 1336 (started by Irvan Firiezky Bahri in C:\\Users\\user\\Projek-ERP\\erp-20230218\\erp\\cron-service)","logger":"id.cranium.erp.cron.cronservice.CronServiceApplicationTests","thread":"main","level":"INFO","level_value":20000}
{"timestamp":"2023-02-22T01:55:51.495+07:00","version":"1","msg":"Running with Spring Boot, Spring","logger":"id.cranium.erp.cron.cronservice.CronServiceApplicationTests","thread":"main","level":"DEBUG","level_value":10000}
{"timestamp":"2023-02-22T01:55:51.497+07:00","version":"1","msg":"The following 5 profiles are active: \"starter_test\", \"starterdto_test\", \"cron_test\", \"userdto_test\", \"masterdto_test\"","logger":"id.cranium.erp.cron.cronservice.CronServiceApplicationTests","thread":"main","level":"INFO","level_value":20000}
{"timestamp":"2023-02-22T01:55:52.622+07:00","version":"1","msg":"Bootstrapping Spring Data JPA repositories in DEFAULT mode.","logger":"org.springframework.data.repository.config.RepositoryConfigurationDelegate","thread":"main","level":"INFO","level_value":20000}
{"timestamp":"2023-02-22T01:55:52.681+07:00","version":"1","msg":"Finished Spring Data repository scanning in 44 ms. Found 0 JPA repository interfaces.","logger":"org.springframework.data.repository.config.RepositoryConfigurationDelegate","thread":"main","level":"INFO","level_value":20000}
{"timestamp":"2023-02-22T01:55:52.694+07:00","version":"1","msg":"Bootstrapping Spring Data JPA repositories in DEFAULT mode.","logger":"org.springframework.data.repository.config.RepositoryConfigurationDelegate","thread":"main","level":"INFO","level_value":20000}
{"timestamp":"2023-02-22T01:55:52.735+07:00","version":"1","msg":"Finished Spring Data repository scanning in 40 ms. Found 0 JPA repository interfaces.","logger":"org.springframework.data.repository.config.RepositoryConfigurationDelegate","thread":"main","level":"INFO","level_value":20000}
{"timestamp":"2023-02-22T01:55:52.74+07:00","version":"1","msg":"Bootstrapping Spring Data JPA repositories in DEFAULT mode.","logger":"org.springframework.data.repository.config.RepositoryConfigurationDelegate","thread":"main","level":"INFO","level_value":20000}
{"timestamp":"2023-02-22T01:55:52.782+07:00","version":"1","msg":"Finished Spring Data repository scanning in 40 ms. Found 0 JPA repository interfaces.","logger":"org.springframework.data.repository.config.RepositoryConfigurationDelegate","thread":"main","level":"INFO","level_value":20000}
{"timestamp":"2023-02-22T01:55:52.783+07:00","version":"1","msg":"Bootstrapping Spring Data JPA repositories in DEFAULT mode.","logger":"org.springframework.data.repository.config.RepositoryConfigurationDelegate","thread":"main","level":"INFO","level_value":20000}
{"timestamp":"2023-02-22T01:55:52.815+07:00","version":"1","msg":"Finished Spring Data repository scanning in 32 ms. Found 0 JPA repository interfaces.","logger":"org.springframework.data.repository.config.RepositoryConfigurationDelegate","thread":"main","level":"INFO","level_value":20000}
{"timestamp":"2023-02-22T01:55:53.363+07:00","version":"1","msg":"@Bean method CronTestConfiguration.cronCustomScopeConfigurer is non-static and returns an object assignable to Spring's BeanFactoryPostProcessor interface. This will result in a failure to process annotations such as @Autowired, @Resource and @PostConstruct within the method's declaring @Configuration class. Add the 'static' modifier to this method to avoid these container lifecycle issues; see @Bean javadoc for complete details.","logger":"org.springframework.context.annotation.ConfigurationClassEnhancer","thread":"main","level":"INFO","level_value":20000}
{"timestamp":"2023-02-22T01:55:54.057+07:00","version":"1","msg":"Tomcat initialized with port(s): 0 (http)","logger":"org.springframework.boot.web.embedded.tomcat.TomcatWebServer","thread":"main","level":"INFO","level_value":20000}
{"timestamp":"2023-02-22T01:55:54.071+07:00","version":"1","msg":"Initializing ProtocolHandler [\"http-nio-auto-1\"]","logger":"org.apache.coyote.http11.Http11NioProtocol","thread":"main","level":"INFO","level_value":20000}
{"timestamp":"2023-02-22T01:55:54.072+07:00","version":"1","msg":"Starting service [Tomcat]","logger":"org.apache.catalina.core.StandardService","thread":"main","level":"INFO","level_value":20000}
{"timestamp":"2023-02-22T01:55:54.073+07:00","version":"1","msg":"Starting Servlet engine: [Apache Tomcat/10.1.5]","logger":"org.apache.catalina.core.StandardEngine","thread":"main","level":"INFO","level_value":20000}
{"timestamp":"2023-02-22T01:55:54.173+07:00","version":"1","msg":"Initializing Spring embedded WebApplicationContext","logger":"org.apache.catalina.core.ContainerBase.[Tomcat].[localhost].[/]","thread":"main","level":"INFO","level_value":20000}
{"timestamp":"2023-02-22T01:55:54.176+07:00","version":"1","msg":"Root WebApplicationContext: initialization completed in 2424 ms","logger":"org.springframework.boot.web.servlet.context.ServletWebServerApplicationContext","thread":"main","level":"INFO","level_value":20000}
{"timestamp":"2023-02-22T01:55:54.266+07:00","version":"1","msg":"HikariPool-1 - Starting...","logger":"com.zaxxer.hikari.HikariDataSource","thread":"main","level":"INFO","level_value":20000}
{"timestamp":"2023-02-22T01:55:54.492+07:00","version":"1","msg":"HikariPool-1 - Added connection conn0: url=jdbc:h2:mem:cranium_erp user=SA","logger":"com.zaxxer.hikari.pool.HikariPool","thread":"main","level":"INFO","level_value":20000}
{"timestamp":"2023-02-22T01:55:54.496+07:00","version":"1","msg":"HikariPool-1 - Start completed.","logger":"com.zaxxer.hikari.HikariDataSource","thread":"main","level":"INFO","level_value":20000}
{"timestamp":"2023-02-22T01:55:54.514+07:00","version":"1","msg":"HikariPool-2 - Starting...","logger":"com.zaxxer.hikari.HikariDataSource","thread":"main","level":"INFO","level_value":20000}
{"timestamp":"2023-02-22T01:55:54.517+07:00","version":"1","msg":"HikariPool-2 - Added connection conn1: url=jdbc:h2:mem:cranium_erp_slave user=SA","logger":"com.zaxxer.hikari.pool.HikariPool","thread":"main","level":"INFO","level_value":20000}
{"timestamp":"2023-02-22T01:55:54.518+07:00","version":"1","msg":"HikariPool-2 - Start completed.","logger":"com.zaxxer.hikari.HikariDataSource","thread":"main","level":"INFO","level_value":20000}
{"timestamp":"2023-02-22T01:55:54.52+07:00","version":"1","msg":"HikariPool-3 - Starting...","logger":"com.zaxxer.hikari.HikariDataSource","thread":"main","level":"INFO","level_value":20000}
{"timestamp":"2023-02-22T01:55:54.523+07:00","version":"1","msg":"HikariPool-3 - Added connection conn2: url=jdbc:h2:mem:cranium_erp user=SA","logger":"com.zaxxer.hikari.pool.HikariPool","thread":"main","level":"INFO","level_value":20000}
{"timestamp":"2023-02-22T01:55:54.523+07:00","version":"1","msg":"HikariPool-3 - Start completed.","logger":"com.zaxxer.hikari.HikariDataSource","thread":"main","level":"INFO","level_value":20000}
{"timestamp":"2023-02-22T01:55:54.524+07:00","version":"1","msg":"HikariPool-4 - Starting...","logger":"com.zaxxer.hikari.HikariDataSource","thread":"main","level":"INFO","level_value":20000}
{"timestamp":"2023-02-22T01:55:54.526+07:00","version":"1","msg":"HikariPool-4 - Added connection conn3: url=jdbc:h2:mem:cranium_erp_slave user=SA","logger":"com.zaxxer.hikari.pool.HikariPool","thread":"main","level":"INFO","level_value":20000}
{"timestamp":"2023-02-22T01:55:54.527+07:00","version":"1","msg":"HikariPool-4 - Start completed.","logger":"com.zaxxer.hikari.HikariDataSource","thread":"main","level":"INFO","level_value":20000}
{"timestamp":"2023-02-22T01:55:54.528+07:00","version":"1","msg":"H2 console available at '/h2-console'. Databases available at 'jdbc:h2:mem:cranium_erp', 'jdbc:h2:mem:cranium_erp_slave', 'jdbc:h2:mem:cranium_erp', 'jdbc:h2:mem:cranium_erp_slave'","logger":"org.springframework.boot.autoconfigure.h2.H2ConsoleAutoConfiguration","thread":"main","level":"INFO","level_value":20000}
{"timestamp":"2023-02-22T01:55:54.593+07:00","version":"1","msg":"Filter 'correlationConfiguration' configured for use","logger":"id.cranium.erp.starter.configuration.CorrelationConfiguration","thread":"main","level":"DEBUG","level_value":10000}
{"timestamp":"2023-02-22T01:55:54.643+07:00","version":"1","msg":"Flyway Community Edition 9.5.1 by Redgate","logger":"org.flywaydb.core.internal.license.VersionPrinter","thread":"main","level":"INFO","level_value":20000}
{"timestamp":"2023-02-22T01:55:54.643+07:00","version":"1","msg":"See what's new here: https://flywaydb.org/documentation/learnmore/releaseNotes#9.5.1","logger":"org.flywaydb.core.internal.license.VersionPrinter","thread":"main","level":"INFO","level_value":20000}
{"timestamp":"2023-02-22T01:55:54.644+07:00","version":"1","msg":"","logger":"org.flywaydb.core.internal.license.VersionPrinter","thread":"main","level":"INFO","level_value":20000}
{"timestamp":"2023-02-22T01:55:54.658+07:00","version":"1","msg":"Database: jdbc:h2:mem:cranium_erp (H2 2.1)","logger":"org.flywaydb.core.internal.database.base.BaseDatabaseType","thread":"main","level":"INFO","level_value":20000}
{"timestamp":"2023-02-22T01:55:54.727+07:00","version":"1","msg":"Successfully validated 1 migration (execution time 00:00.014s)","logger":"org.flywaydb.core.internal.command.DbValidate","thread":"main","level":"INFO","level_value":20000}
{"timestamp":"2023-02-22T01:55:54.742+07:00","version":"1","msg":"Creating Schema History table \"cron\".\"flyway_schema_history\" ...","logger":"org.flywaydb.core.internal.schemahistory.JdbcTableSchemaHistory","thread":"main","level":"INFO","level_value":20000}
{"timestamp":"2023-02-22T01:55:54.768+07:00","version":"1","msg":"Current version of schema \"cron\": << Empty Schema >>","logger":"org.flywaydb.core.internal.command.DbMigrate","thread":"main","level":"INFO","level_value":20000}
{"timestamp":"2023-02-22T01:55:54.773+07:00","version":"1","msg":"Migrating schema \"cron\" to version \"1.0.0.0 - create cron schema\"","logger":"org.flywaydb.core.internal.command.DbMigrate","thread":"main","level":"INFO","level_value":20000}
{"timestamp":"2023-02-22T01:55:54.781+07:00","version":"1","msg":"Successfully applied 1 migration to schema \"cron\", now at version v1.0.0.0 (execution time 00:00.015s)","logger":"org.flywaydb.core.internal.command.DbMigrate","thread":"main","level":"INFO","level_value":20000}
{"timestamp":"2023-02-22T01:55:55.426+07:00","version":"1","msg":"HHH000400: Using dialect: org.hibernate.dialect.H2Dialect","logger":"SQL dialect","thread":"main","level":"INFO","level_value":20000}
{"timestamp":"2023-02-22T01:55:55.702+07:00","version":"1","msg":"Initialized JPA EntityManagerFactory for persistence unit 'default'","logger":"org.springframework.orm.jpa.LocalContainerEntityManagerFactoryBean","thread":"main","level":"INFO","level_value":20000}
{"timestamp":"2023-02-22T01:55:55.779+07:00","version":"1","msg":"HHH000400: Using dialect: org.hibernate.dialect.H2Dialect","logger":"SQL dialect","thread":"main","level":"INFO","level_value":20000}
{"timestamp":"2023-02-22T01:55:55.793+07:00","version":"1","msg":"Initialized JPA EntityManagerFactory for persistence unit 'default'","logger":"org.springframework.orm.jpa.LocalContainerEntityManagerFactoryBean","thread":"main","level":"INFO","level_value":20000}
{"timestamp":"2023-02-22T01:55:55.861+07:00","version":"1","msg":"HHH000400: Using dialect: org.hibernate.dialect.H2Dialect","logger":"SQL dialect","thread":"main","level":"INFO","level_value":20000}
{"timestamp":"2023-02-22T01:55:55.872+07:00","version":"1","msg":"Initialized JPA EntityManagerFactory for persistence unit 'default'","logger":"org.springframework.orm.jpa.LocalContainerEntityManagerFactoryBean","thread":"main","level":"INFO","level_value":20000}
{"timestamp":"2023-02-22T01:55:55.942+07:00","version":"1","msg":"HHH000400: Using dialect: org.hibernate.dialect.H2Dialect","logger":"SQL dialect","thread":"main","level":"INFO","level_value":20000}
{"timestamp":"2023-02-22T01:55:55.954+07:00","version":"1","msg":"Initialized JPA EntityManagerFactory for persistence unit 'default'","logger":"org.springframework.orm.jpa.LocalContainerEntityManagerFactoryBean","thread":"main","level":"INFO","level_value":20000}
{"timestamp":"2023-02-22T01:55:56.621+07:00","version":"1","msg":"spring.jpa.open-in-view is enabled by default. Therefore, database queries may be performed during view rendering. Explicitly configure spring.jpa.open-in-view to disable this warning","logger":"org.springframework.boot.autoconfigure.orm.jpa.JpaBaseConfiguration$JpaWebConfiguration","thread":"main","level":"WARN","level_value":30000}
{"timestamp":"2023-02-22T01:55:56.744+07:00","version":"1","msg":"Successfully validated 1 migration (execution time 00:00.003s)","logger":"org.flywaydb.core.internal.command.DbValidate","thread":"main","level":"INFO","level_value":20000}
{"timestamp":"2023-02-22T01:55:56.746+07:00","version":"1","msg":"Current version of schema \"cron\": 1.0.0.0","logger":"org.flywaydb.core.internal.command.DbMigrate","thread":"main","level":"INFO","level_value":20000}
{"timestamp":"2023-02-22T01:55:56.747+07:00","version":"1","msg":"Schema \"cron\" is up to date. No migration necessary.","logger":"org.flywaydb.core.internal.command.DbMigrate","thread":"main","level":"INFO","level_value":20000}
{"timestamp":"2023-02-22T01:55:57.13+07:00","version":"1","msg":"\r\n\r\nUsing generated security password: c19b0020-faad-48a4-aace-8a317c567fcb\r\n\r\nThis generated password is for development use only. Your security configuration must be updated before running your application in production.\r\n","logger":"org.springframework.boot.autoconfigure.security.servlet.UserDetailsServiceAutoConfiguration","thread":"main","level":"WARN","level_value":30000}
{"timestamp":"2023-02-22T01:55:57.242+07:00","version":"1","msg":"Will secure any request with [org.springframework.security.web.session.DisableEncodeUrlFilter@911a6cd, org.springframework.security.web.context.request.async.WebAsyncManagerIntegrationFilter@360c25f, org.springframework.security.web.context.SecurityContextHolderFilter@6137a032, org.springframework.security.web.header.HeaderWriterFilter@4d2bac23, org.springframework.security.web.csrf.CsrfFilter@157312, org.springframework.security.web.authentication.logout.LogoutFilter@57bbf4e5, org.springframework.security.web.authentication.UsernamePasswordAuthenticationFilter@78171169, org.springframework.security.web.authentication.ui.DefaultLoginPageGeneratingFilter@58a7226e, org.springframework.security.web.authentication.ui.DefaultLogoutPageGeneratingFilter@6ac4f76a, org.springframework.security.web.authentication.www.BasicAuthenticationFilter@2e48f0a1, org.springframework.security.web.savedrequest.RequestCacheAwareFilter@1c1082d9, org.springframework.security.web.servletapi.SecurityContextHolderAwareRequestFilter@178e125f, org.springframework.security.web.authentication.AnonymousAuthenticationFilter@250284ae, org.springframework.security.web.access.ExceptionTranslationFilter@310cd0d2, org.springframework.security.web.access.intercept.AuthorizationFilter@7f218b0c]","logger":"org.springframework.security.web.DefaultSecurityFilterChain","thread":"main","level":"INFO","level_value":20000}
{"timestamp":"2023-02-22T01:55:57.298+07:00","version":"1","msg":"Starting ProtocolHandler [\"http-nio-auto-1\"]","logger":"org.apache.coyote.http11.Http11NioProtocol","thread":"main","level":"INFO","level_value":20000}
{"timestamp":"2023-02-22T01:55:57.334+07:00","version":"1","msg":"Tomcat started on port(s): 54068 (http) with context path ''","logger":"org.springframework.boot.web.embedded.tomcat.TomcatWebServer","thread":"main","level":"INFO","level_value":20000}
{"timestamp":"2023-02-22T01:55:57.348+07:00","version":"1","msg":"Started CronServiceApplicationTests in 6.597 seconds (process running for 7.963)","logger":"id.cranium.erp.cron.cronservice.CronServiceApplicationTests","thread":"main","level":"INFO","level_value":20000}
{"timestamp":"2023-02-22T01:55:57.783+07:00","version":"1","msg":"Closing JPA EntityManagerFactory for persistence unit 'default'","logger":"org.springframework.orm.jpa.LocalContainerEntityManagerFactoryBean","thread":"SpringApplicationShutdownHook","level":"INFO","level_value":20000}
{"timestamp":"2023-02-22T01:55:57.784+07:00","version":"1","msg":"Closing JPA EntityManagerFactory for persistence unit 'default'","logger":"org.springframework.orm.jpa.LocalContainerEntityManagerFactoryBean","thread":"SpringApplicationShutdownHook","level":"INFO","level_value":20000}
{"timestamp":"2023-02-22T01:55:57.784+07:00","version":"1","msg":"Closing JPA EntityManagerFactory for persistence unit 'default'","logger":"org.springframework.orm.jpa.LocalContainerEntityManagerFactoryBean","thread":"SpringApplicationShutdownHook","level":"INFO","level_value":20000}
{"timestamp":"2023-02-22T01:55:57.785+07:00","version":"1","msg":"Closing JPA EntityManagerFactory for persistence unit 'default'","logger":"org.springframework.orm.jpa.LocalContainerEntityManagerFactoryBean","thread":"SpringApplicationShutdownHook","level":"INFO","level_value":20000}
{"timestamp":"2023-02-22T01:55:57.785+07:00","version":"1","msg":"HikariPool-4 - Shutdown initiated...","logger":"com.zaxxer.hikari.HikariDataSource","thread":"SpringApplicationShutdownHook","level":"INFO","level_value":20000}
{"timestamp":"2023-02-22T01:55:57.788+07:00","version":"1","msg":"HikariPool-4 - Shutdown completed.","logger":"com.zaxxer.hikari.HikariDataSource","thread":"SpringApplicationShutdownHook","level":"INFO","level_value":20000}
{"timestamp":"2023-02-22T01:55:57.789+07:00","version":"1","msg":"HikariPool-3 - Shutdown initiated...","logger":"com.zaxxer.hikari.HikariDataSource","thread":"SpringApplicationShutdownHook","level":"INFO","level_value":20000}
{"timestamp":"2023-02-22T01:55:57.79+07:00","version":"1","msg":"HikariPool-3 - Shutdown completed.","logger":"com.zaxxer.hikari.HikariDataSource","thread":"SpringApplicationShutdownHook","level":"INFO","level_value":20000}
{"timestamp":"2023-02-22T01:55:57.791+07:00","version":"1","msg":"HikariPool-2 - Shutdown initiated...","logger":"com.zaxxer.hikari.HikariDataSource","thread":"SpringApplicationShutdownHook","level":"INFO","level_value":20000}
{"timestamp":"2023-02-22T01:55:57.792+07:00","version":"1","msg":"HikariPool-2 - Shutdown completed.","logger":"com.zaxxer.hikari.HikariDataSource","thread":"SpringApplicationShutdownHook","level":"INFO","level_value":20000}
{"timestamp":"2023-02-22T01:55:57.792+07:00","version":"1","msg":"HikariPool-1 - Shutdown initiated...","logger":"com.zaxxer.hikari.HikariDataSource","thread":"SpringApplicationShutdownHook","level":"INFO","level_value":20000}
{"timestamp":"2023-02-22T01:55:57.793+07:00","version":"1","msg":"HikariPool-1 - Shutdown completed.","logger":"com.zaxxer.hikari.HikariDataSource","thread":"SpringApplicationShutdownHook","level":"INFO","level_value":20000}
{"timestamp":"2023-02-22T02:08:16.511+07:00","version":"1","msg":"Starting CronServiceApplicationTests using Java 17.0.6 with PID 29412 (started by Irvan Firiezky Bahri in C:\\Users\\user\\Projek-ERP\\erp-20230218\\erp\\cron-service)","logger":"id.cranium.erp.cron.cronservice.CronServiceApplicationTests","thread":"main","level":"INFO","level_value":20000}
{"timestamp":"2023-02-22T02:08:16.522+07:00","version":"1","msg":"Running with Spring Boot, Spring","logger":"id.cranium.erp.cron.cronservice.CronServiceApplicationTests","thread":"main","level":"DEBUG","level_value":10000}
{"timestamp":"2023-02-22T02:08:16.524+07:00","version":"1","msg":"The following 5 profiles are active: \"starter_test\", \"starterdto_test\", \"cron_test\", \"userdto_test\", \"masterdto_test\"","logger":"id.cranium.erp.cron.cronservice.CronServiceApplicationTests","thread":"main","level":"INFO","level_value":20000}
{"timestamp":"2023-02-22T02:08:17.739+07:00","version":"1","msg":"Bootstrapping Spring Data JPA repositories in DEFAULT mode.","logger":"org.springframework.data.repository.config.RepositoryConfigurationDelegate","thread":"main","level":"INFO","level_value":20000}
{"timestamp":"2023-02-22T02:08:17.788+07:00","version":"1","msg":"Finished Spring Data repository scanning in 38 ms. Found 0 JPA repository interfaces.","logger":"org.springframework.data.repository.config.RepositoryConfigurationDelegate","thread":"main","level":"INFO","level_value":20000}
{"timestamp":"2023-02-22T02:08:17.793+07:00","version":"1","msg":"Bootstrapping Spring Data JPA repositories in DEFAULT mode.","logger":"org.springframework.data.repository.config.RepositoryConfigurationDelegate","thread":"main","level":"INFO","level_value":20000}
{"timestamp":"2023-02-22T02:08:17.833+07:00","version":"1","msg":"Finished Spring Data repository scanning in 39 ms. Found 0 JPA repository interfaces.","logger":"org.springframework.data.repository.config.RepositoryConfigurationDelegate","thread":"main","level":"INFO","level_value":20000}
{"timestamp":"2023-02-22T02:08:17.835+07:00","version":"1","msg":"Bootstrapping Spring Data JPA repositories in DEFAULT mode.","logger":"org.springframework.data.repository.config.RepositoryConfigurationDelegate","thread":"main","level":"INFO","level_value":20000}
{"timestamp":"2023-02-22T02:08:17.873+07:00","version":"1","msg":"Finished Spring Data repository scanning in 37 ms. Found 0 JPA repository interfaces.","logger":"org.springframework.data.repository.config.RepositoryConfigurationDelegate","thread":"main","level":"INFO","level_value":20000}
{"timestamp":"2023-02-22T02:08:17.883+07:00","version":"1","msg":"Bootstrapping Spring Data JPA repositories in DEFAULT mode.","logger":"org.springframework.data.repository.config.RepositoryConfigurationDelegate","thread":"main","level":"INFO","level_value":20000}
{"timestamp":"2023-02-22T02:08:17.914+07:00","version":"1","msg":"Finished Spring Data repository scanning in 30 ms. Found 0 JPA repository interfaces.","logger":"org.springframework.data.repository.config.RepositoryConfigurationDelegate","thread":"main","level":"INFO","level_value":20000}
{"timestamp":"2023-02-22T02:08:18.438+07:00","version":"1","msg":"@Bean method CronTestConfiguration.cronCustomScopeConfigurer is non-static and returns an object assignable to Spring's BeanFactoryPostProcessor interface. This will result in a failure to process annotations such as @Autowired, @Resource and @PostConstruct within the method's declaring @Configuration class. Add the 'static' modifier to this method to avoid these container lifecycle issues; see @Bean javadoc for complete details.","logger":"org.springframework.context.annotation.ConfigurationClassEnhancer","thread":"main","level":"INFO","level_value":20000}
{"timestamp":"2023-02-22T02:08:19.208+07:00","version":"1","msg":"Tomcat initialized with port(s): 0 (http)","logger":"org.springframework.boot.web.embedded.tomcat.TomcatWebServer","thread":"main","level":"INFO","level_value":20000}
{"timestamp":"2023-02-22T02:08:19.224+07:00","version":"1","msg":"Initializing ProtocolHandler [\"http-nio-auto-1\"]","logger":"org.apache.coyote.http11.Http11NioProtocol","thread":"main","level":"INFO","level_value":20000}
{"timestamp":"2023-02-22T02:08:19.225+07:00","version":"1","msg":"Starting service [Tomcat]","logger":"org.apache.catalina.core.StandardService","thread":"main","level":"INFO","level_value":20000}
{"timestamp":"2023-02-22T02:08:19.226+07:00","version":"1","msg":"Starting Servlet engine: [Apache Tomcat/10.1.5]","logger":"org.apache.catalina.core.StandardEngine","thread":"main","level":"INFO","level_value":20000}
{"timestamp":"2023-02-22T02:08:19.353+07:00","version":"1","msg":"Initializing Spring embedded WebApplicationContext","logger":"org.apache.catalina.core.ContainerBase.[Tomcat].[localhost].[/]","thread":"main","level":"INFO","level_value":20000}
{"timestamp":"2023-02-22T02:08:19.356+07:00","version":"1","msg":"Root WebApplicationContext: initialization completed in 2573 ms","logger":"org.springframework.boot.web.servlet.context.ServletWebServerApplicationContext","thread":"main","level":"INFO","level_value":20000}
{"timestamp":"2023-02-22T02:08:19.441+07:00","version":"1","msg":"HikariPool-1 - Starting...","logger":"com.zaxxer.hikari.HikariDataSource","thread":"main","level":"INFO","level_value":20000}
{"timestamp":"2023-02-22T02:08:19.716+07:00","version":"1","msg":"HikariPool-1 - Added connection conn0: url=jdbc:h2:mem:cranium_erp user=SA","logger":"com.zaxxer.hikari.pool.HikariPool","thread":"main","level":"INFO","level_value":20000}
{"timestamp":"2023-02-22T02:08:19.718+07:00","version":"1","msg":"HikariPool-1 - Start completed.","logger":"com.zaxxer.hikari.HikariDataSource","thread":"main","level":"INFO","level_value":20000}
{"timestamp":"2023-02-22T02:08:19.733+07:00","version":"1","msg":"HikariPool-2 - Starting...","logger":"com.zaxxer.hikari.HikariDataSource","thread":"main","level":"INFO","level_value":20000}
{"timestamp":"2023-02-22T02:08:19.737+07:00","version":"1","msg":"HikariPool-2 - Added connection conn1: url=jdbc:h2:mem:cranium_erp_slave user=SA","logger":"com.zaxxer.hikari.pool.HikariPool","thread":"main","level":"INFO","level_value":20000}
{"timestamp":"2023-02-22T02:08:19.737+07:00","version":"1","msg":"HikariPool-2 - Start completed.","logger":"com.zaxxer.hikari.HikariDataSource","thread":"main","level":"INFO","level_value":20000}
{"timestamp":"2023-02-22T02:08:19.738+07:00","version":"1","msg":"HikariPool-3 - Starting...","logger":"com.zaxxer.hikari.HikariDataSource","thread":"main","level":"INFO","level_value":20000}
{"timestamp":"2023-02-22T02:08:19.74+07:00","version":"1","msg":"HikariPool-3 - Added connection conn2: url=jdbc:h2:mem:cranium_erp user=SA","logger":"com.zaxxer.hikari.pool.HikariPool","thread":"main","level":"INFO","level_value":20000}
{"timestamp":"2023-02-22T02:08:19.741+07:00","version":"1","msg":"HikariPool-3 - Start completed.","logger":"com.zaxxer.hikari.HikariDataSource","thread":"main","level":"INFO","level_value":20000}
{"timestamp":"2023-02-22T02:08:19.741+07:00","version":"1","msg":"HikariPool-4 - Starting...","logger":"com.zaxxer.hikari.HikariDataSource","thread":"main","level":"INFO","level_value":20000}
{"timestamp":"2023-02-22T02:08:19.744+07:00","version":"1","msg":"HikariPool-4 - Added connection conn3: url=jdbc:h2:mem:cranium_erp_slave user=SA","logger":"com.zaxxer.hikari.pool.HikariPool","thread":"main","level":"INFO","level_value":20000}
{"timestamp":"2023-02-22T02:08:19.745+07:00","version":"1","msg":"HikariPool-4 - Start completed.","logger":"com.zaxxer.hikari.HikariDataSource","thread":"main","level":"INFO","level_value":20000}
{"timestamp":"2023-02-22T02:08:19.746+07:00","version":"1","msg":"H2 console available at '/h2-console'. Databases available at 'jdbc:h2:mem:cranium_erp', 'jdbc:h2:mem:cranium_erp_slave', 'jdbc:h2:mem:cranium_erp', 'jdbc:h2:mem:cranium_erp_slave'","logger":"org.springframework.boot.autoconfigure.h2.H2ConsoleAutoConfiguration","thread":"main","level":"INFO","level_value":20000}
{"timestamp":"2023-02-22T02:08:19.821+07:00","version":"1","msg":"Filter 'correlationConfiguration' configured for use","logger":"id.cranium.erp.starter.configuration.CorrelationConfiguration","thread":"main","level":"DEBUG","level_value":10000}
{"timestamp":"2023-02-22T02:08:19.882+07:00","version":"1","msg":"Flyway Community Edition 9.5.1 by Redgate","logger":"org.flywaydb.core.internal.license.VersionPrinter","thread":"main","level":"INFO","level_value":20000}
{"timestamp":"2023-02-22T02:08:19.883+07:00","version":"1","msg":"See what's new here: https://flywaydb.org/documentation/learnmore/releaseNotes#9.5.1","logger":"org.flywaydb.core.internal.license.VersionPrinter","thread":"main","level":"INFO","level_value":20000}
{"timestamp":"2023-02-22T02:08:19.883+07:00","version":"1","msg":"","logger":"org.flywaydb.core.internal.license.VersionPrinter","thread":"main","level":"INFO","level_value":20000}
{"timestamp":"2023-02-22T02:08:19.898+07:00","version":"1","msg":"Database: jdbc:h2:mem:cranium_erp (H2 2.1)","logger":"org.flywaydb.core.internal.database.base.BaseDatabaseType","thread":"main","level":"INFO","level_value":20000}
{"timestamp":"2023-02-22T02:08:19.985+07:00","version":"1","msg":"Successfully validated 1 migration (execution time 00:00.013s)","logger":"org.flywaydb.core.internal.command.DbValidate","thread":"main","level":"INFO","level_value":20000}
{"timestamp":"2023-02-22T02:08:19.992+07:00","version":"1","msg":"Creating Schema History table \"cron\".\"flyway_schema_history\" ...","logger":"org.flywaydb.core.internal.schemahistory.JdbcTableSchemaHistory","thread":"main","level":"INFO","level_value":20000}
{"timestamp":"2023-02-22T02:08:20.018+07:00","version":"1","msg":"Current version of schema \"cron\": << Empty Schema >>","logger":"org.flywaydb.core.internal.command.DbMigrate","thread":"main","level":"INFO","level_value":20000}
{"timestamp":"2023-02-22T02:08:20.024+07:00","version":"1","msg":"Migrating schema \"cron\" to version \"1.0.0.0 - create cron schema\"","logger":"org.flywaydb.core.internal.command.DbMigrate","thread":"main","level":"INFO","level_value":20000}
{"timestamp":"2023-02-22T02:08:20.033+07:00","version":"1","msg":"Successfully applied 1 migration to schema \"cron\", now at version v1.0.0.0 (execution time 00:00.017s)","logger":"org.flywaydb.core.internal.command.DbMigrate","thread":"main","level":"INFO","level_value":20000}
{"timestamp":"2023-02-22T02:08:20.652+07:00","version":"1","msg":"HHH000400: Using dialect: org.hibernate.dialect.H2Dialect","logger":"SQL dialect","thread":"main","level":"INFO","level_value":20000}
{"timestamp":"2023-02-22T02:08:20.989+07:00","version":"1","msg":"Initialized JPA EntityManagerFactory for persistence unit 'default'","logger":"org.springframework.orm.jpa.LocalContainerEntityManagerFactoryBean","thread":"main","level":"INFO","level_value":20000}
{"timestamp":"2023-02-22T02:08:21.072+07:00","version":"1","msg":"HHH000400: Using dialect: org.hibernate.dialect.H2Dialect","logger":"SQL dialect","thread":"main","level":"INFO","level_value":20000}
{"timestamp":"2023-02-22T02:08:21.088+07:00","version":"1","msg":"Initialized JPA EntityManagerFactory for persistence unit 'default'","logger":"org.springframework.orm.jpa.LocalContainerEntityManagerFactoryBean","thread":"main","level":"INFO","level_value":20000}
{"timestamp":"2023-02-22T02:08:21.166+07:00","version":"1","msg":"HHH000400: Using dialect: org.hibernate.dialect.H2Dialect","logger":"SQL dialect","thread":"main","level":"INFO","level_value":20000}
{"timestamp":"2023-02-22T02:08:21.181+07:00","version":"1","msg":"Initialized JPA EntityManagerFactory for persistence unit 'default'","logger":"org.springframework.orm.jpa.LocalContainerEntityManagerFactoryBean","thread":"main","level":"INFO","level_value":20000}
{"timestamp":"2023-02-22T02:08:21.263+07:00","version":"1","msg":"HHH000400: Using dialect: org.hibernate.dialect.H2Dialect","logger":"SQL dialect","thread":"main","level":"INFO","level_value":20000}
{"timestamp":"2023-02-22T02:08:21.276+07:00","version":"1","msg":"Initialized JPA EntityManagerFactory for persistence unit 'default'","logger":"org.springframework.orm.jpa.LocalContainerEntityManagerFactoryBean","thread":"main","level":"INFO","level_value":20000}
{"timestamp":"2023-02-22T02:08:21.82+07:00","version":"1","msg":"Successfully validated 1 migration (execution time 00:00.004s)","logger":"org.flywaydb.core.internal.command.DbValidate","thread":"main","level":"INFO","level_value":20000}
{"timestamp":"2023-02-22T02:08:21.822+07:00","version":"1","msg":"Current version of schema \"cron\": 1.0.0.0","logger":"org.flywaydb.core.internal.command.DbMigrate","thread":"main","level":"INFO","level_value":20000}
{"timestamp":"2023-02-22T02:08:21.822+07:00","version":"1","msg":"Schema \"cron\" is up to date. No migration necessary.","logger":"org.flywaydb.core.internal.command.DbMigrate","thread":"main","level":"INFO","level_value":20000}
{"timestamp":"2023-02-22T02:08:22.075+07:00","version":"1","msg":"spring.jpa.open-in-view is enabled by default. Therefore, database queries may be performed during view rendering. Explicitly configure spring.jpa.open-in-view to disable this warning","logger":"org.springframework.boot.autoconfigure.orm.jpa.JpaBaseConfiguration$JpaWebConfiguration","thread":"main","level":"WARN","level_value":30000}
{"timestamp":"2023-02-22T02:08:22.587+07:00","version":"1","msg":"\r\n\r\nUsing generated security password: 579b9b6c-2c69-4a50-b647-2019e61ee58e\r\n\r\nThis generated password is for development use only. Your security configuration must be updated before running your application in production.\r\n","logger":"org.springframework.boot.autoconfigure.security.servlet.UserDetailsServiceAutoConfiguration","thread":"main","level":"WARN","level_value":30000}
{"timestamp":"2023-02-22T02:08:22.705+07:00","version":"1","msg":"Will secure any request with [org.springframework.security.web.session.DisableEncodeUrlFilter@1278c48f, org.springframework.security.web.context.request.async.WebAsyncManagerIntegrationFilter@6137a032, org.springframework.security.web.context.SecurityContextHolderFilter@6becf200, org.springframework.security.web.header.HeaderWriterFilter@4bfd9e3a, org.springframework.security.web.csrf.CsrfFilter@6df38b48, org.springframework.security.web.authentication.logout.LogoutFilter@510d6e38, org.springframework.security.web.authentication.UsernamePasswordAuthenticationFilter@6362dcf2, org.springframework.security.web.authentication.ui.DefaultLoginPageGeneratingFilter@ba8d7c7, org.springframework.security.web.authentication.ui.DefaultLogoutPageGeneratingFilter@716d4283, org.springframework.security.web.authentication.www.BasicAuthenticationFilter@4d2bac23, org.springframework.security.web.savedrequest.RequestCacheAwareFilter@4834e816, org.springframework.security.web.servletapi.SecurityContextHolderAwareRequestFilter@2e00032d, org.springframework.security.web.authentication.AnonymousAuthenticationFilter@1c1082d9, org.springframework.security.web.access.ExceptionTranslationFilter@3ea7d936, org.springframework.security.web.access.intercept.AuthorizationFilter@4896f287]","logger":"org.springframework.security.web.DefaultSecurityFilterChain","thread":"main","level":"INFO","level_value":20000}
{"timestamp":"2023-02-22T02:08:22.784+07:00","version":"1","msg":"Starting ProtocolHandler [\"http-nio-auto-1\"]","logger":"org.apache.coyote.http11.Http11NioProtocol","thread":"main","level":"INFO","level_value":20000}
{"timestamp":"2023-02-22T02:08:22.817+07:00","version":"1","msg":"Tomcat started on port(s): 65521 (http) with context path ''","logger":"org.springframework.boot.web.embedded.tomcat.TomcatWebServer","thread":"main","level":"INFO","level_value":20000}
{"timestamp":"2023-02-22T02:08:22.834+07:00","version":"1","msg":"Started CronServiceApplicationTests in 6.985 seconds (process running for 8.465)","logger":"id.cranium.erp.cron.cronservice.CronServiceApplicationTests","thread":"main","level":"INFO","level_value":20000}
{"timestamp":"2023-02-22T02:08:23.271+07:00","version":"1","msg":"Closing JPA EntityManagerFactory for persistence unit 'default'","logger":"org.springframework.orm.jpa.LocalContainerEntityManagerFactoryBean","thread":"SpringApplicationShutdownHook","level":"INFO","level_value":20000}
{"timestamp":"2023-02-22T02:08:23.272+07:00","version":"1","msg":"Closing JPA EntityManagerFactory for persistence unit 'default'","logger":"org.springframework.orm.jpa.LocalContainerEntityManagerFactoryBean","thread":"SpringApplicationShutdownHook","level":"INFO","level_value":20000}
{"timestamp":"2023-02-22T02:08:23.273+07:00","version":"1","msg":"Closing JPA EntityManagerFactory for persistence unit 'default'","logger":"org.springframework.orm.jpa.LocalContainerEntityManagerFactoryBean","thread":"SpringApplicationShutdownHook","level":"INFO","level_value":20000}
{"timestamp":"2023-02-22T02:08:23.273+07:00","version":"1","msg":"Closing JPA EntityManagerFactory for persistence unit 'default'","logger":"org.springframework.orm.jpa.LocalContainerEntityManagerFactoryBean","thread":"SpringApplicationShutdownHook","level":"INFO","level_value":20000}
{"timestamp":"2023-02-22T02:08:23.274+07:00","version":"1","msg":"HikariPool-4 - Shutdown initiated...","logger":"com.zaxxer.hikari.HikariDataSource","thread":"SpringApplicationShutdownHook","level":"INFO","level_value":20000}
{"timestamp":"2023-02-22T02:08:23.278+07:00","version":"1","msg":"HikariPool-4 - Shutdown completed.","logger":"com.zaxxer.hikari.HikariDataSource","thread":"SpringApplicationShutdownHook","level":"INFO","level_value":20000}
{"timestamp":"2023-02-22T02:08:23.282+07:00","version":"1","msg":"HikariPool-3 - Shutdown initiated...","logger":"com.zaxxer.hikari.HikariDataSource","thread":"SpringApplicationShutdownHook","level":"INFO","level_value":20000}
{"timestamp":"2023-02-22T02:08:23.29+07:00","version":"1","msg":"HikariPool-3 - Shutdown completed.","logger":"com.zaxxer.hikari.HikariDataSource","thread":"SpringApplicationShutdownHook","level":"INFO","level_value":20000}
{"timestamp":"2023-02-22T02:08:23.292+07:00","version":"1","msg":"HikariPool-2 - Shutdown initiated...","logger":"com.zaxxer.hikari.HikariDataSource","thread":"SpringApplicationShutdownHook","level":"INFO","level_value":20000}
{"timestamp":"2023-02-22T02:08:23.293+07:00","version":"1","msg":"HikariPool-2 - Shutdown completed.","logger":"com.zaxxer.hikari.HikariDataSource","thread":"SpringApplicationShutdownHook","level":"INFO","level_value":20000}
{"timestamp":"2023-02-22T02:08:23.294+07:00","version":"1","msg":"HikariPool-1 - Shutdown initiated...","logger":"com.zaxxer.hikari.HikariDataSource","thread":"SpringApplicationShutdownHook","level":"INFO","level_value":20000}
{"timestamp":"2023-02-22T02:08:23.295+07:00","version":"1","msg":"HikariPool-1 - Shutdown completed.","logger":"com.zaxxer.hikari.HikariDataSource","thread":"SpringApplicationShutdownHook","level":"INFO","level_value":20000}
{"timestamp":"2023-02-22T02:19:41.098+07:00","version":"1","msg":"Starting CronServiceApplicationTests using Java 17.0.6 with PID 10784 (started by Irvan Firiezky Bahri in C:\\Users\\user\\Projek-ERP\\erp-20230218\\erp\\cron-service)","logger":"id.cranium.erp.cron.cronservice.CronServiceApplicationTests","thread":"main","level":"INFO","level_value":20000}
{"timestamp":"2023-02-22T02:19:41.114+07:00","version":"1","msg":"Running with Spring Boot, Spring","logger":"id.cranium.erp.cron.cronservice.CronServiceApplicationTests","thread":"main","level":"DEBUG","level_value":10000}
{"timestamp":"2023-02-22T02:19:41.115+07:00","version":"1","msg":"The following 5 profiles are active: \"starter_test\", \"starterdto_test\", \"cron_test\", \"userdto_test\", \"masterdto_test\"","logger":"id.cranium.erp.cron.cronservice.CronServiceApplicationTests","thread":"main","level":"INFO","level_value":20000}
{"timestamp":"2023-02-22T02:19:42.328+07:00","version":"1","msg":"Bootstrapping Spring Data JPA repositories in DEFAULT mode.","logger":"org.springframework.data.repository.config.RepositoryConfigurationDelegate","thread":"main","level":"INFO","level_value":20000}
{"timestamp":"2023-02-22T02:19:42.376+07:00","version":"1","msg":"Finished Spring Data repository scanning in 39 ms. Found 0 JPA repository interfaces.","logger":"org.springframework.data.repository.config.RepositoryConfigurationDelegate","thread":"main","level":"INFO","level_value":20000}
{"timestamp":"2023-02-22T02:19:42.384+07:00","version":"1","msg":"Bootstrapping Spring Data JPA repositories in DEFAULT mode.","logger":"org.springframework.data.repository.config.RepositoryConfigurationDelegate","thread":"main","level":"INFO","level_value":20000}
{"timestamp":"2023-02-22T02:19:42.42+07:00","version":"1","msg":"Finished Spring Data repository scanning in 35 ms. Found 0 JPA repository interfaces.","logger":"org.springframework.data.repository.config.RepositoryConfigurationDelegate","thread":"main","level":"INFO","level_value":20000}
{"timestamp":"2023-02-22T02:19:42.422+07:00","version":"1","msg":"Bootstrapping Spring Data JPA repositories in DEFAULT mode.","logger":"org.springframework.data.repository.config.RepositoryConfigurationDelegate","thread":"main","level":"INFO","level_value":20000}
{"timestamp":"2023-02-22T02:19:42.452+07:00","version":"1","msg":"Finished Spring Data repository scanning in 28 ms. Found 0 JPA repository interfaces.","logger":"org.springframework.data.repository.config.RepositoryConfigurationDelegate","thread":"main","level":"INFO","level_value":20000}
{"timestamp":"2023-02-22T02:19:42.459+07:00","version":"1","msg":"Bootstrapping Spring Data JPA repositories in DEFAULT mode.","logger":"org.springframework.data.repository.config.RepositoryConfigurationDelegate","thread":"main","level":"INFO","level_value":20000}
{"timestamp":"2023-02-22T02:19:42.492+07:00","version":"1","msg":"Finished Spring Data repository scanning in 32 ms. Found 0 JPA repository interfaces.","logger":"org.springframework.data.repository.config.RepositoryConfigurationDelegate","thread":"main","level":"INFO","level_value":20000}
{"timestamp":"2023-02-22T02:19:43.034+07:00","version":"1","msg":"@Bean method CronTestConfiguration.cronCustomScopeConfigurer is non-static and returns an object assignable to Spring's BeanFactoryPostProcessor interface. This will result in a failure to process annotations such as @Autowired, @Resource and @PostConstruct within the method's declaring @Configuration class. Add the 'static' modifier to this method to avoid these container lifecycle issues; see @Bean javadoc for complete details.","logger":"org.springframework.context.annotation.ConfigurationClassEnhancer","thread":"main","level":"INFO","level_value":20000}
{"timestamp":"2023-02-22T02:19:43.817+07:00","version":"1","msg":"Tomcat initialized with port(s): 0 (http)","logger":"org.springframework.boot.web.embedded.tomcat.TomcatWebServer","thread":"main","level":"INFO","level_value":20000}
{"timestamp":"2023-02-22T02:19:43.829+07:00","version":"1","msg":"Initializing ProtocolHandler [\"http-nio-auto-1\"]","logger":"org.apache.coyote.http11.Http11NioProtocol","thread":"main","level":"INFO","level_value":20000}
{"timestamp":"2023-02-22T02:19:43.831+07:00","version":"1","msg":"Starting service [Tomcat]","logger":"org.apache.catalina.core.StandardService","thread":"main","level":"INFO","level_value":20000}
{"timestamp":"2023-02-22T02:19:43.831+07:00","version":"1","msg":"Starting Servlet engine: [Apache Tomcat/10.1.5]","logger":"org.apache.catalina.core.StandardEngine","thread":"main","level":"INFO","level_value":20000}
{"timestamp":"2023-02-22T02:19:43.946+07:00","version":"1","msg":"Initializing Spring embedded WebApplicationContext","logger":"org.apache.catalina.core.ContainerBase.[Tomcat].[localhost].[/]","thread":"main","level":"INFO","level_value":20000}
{"timestamp":"2023-02-22T02:19:43.95+07:00","version":"1","msg":"Root WebApplicationContext: initialization completed in 2550 ms","logger":"org.springframework.boot.web.servlet.context.ServletWebServerApplicationContext","thread":"main","level":"INFO","level_value":20000}
{"timestamp":"2023-02-22T02:19:44.026+07:00","version":"1","msg":"HikariPool-1 - Starting...","logger":"com.zaxxer.hikari.HikariDataSource","thread":"main","level":"INFO","level_value":20000}
{"timestamp":"2023-02-22T02:19:44.283+07:00","version":"1","msg":"HikariPool-1 - Added connection conn0: url=jdbc:h2:mem:cranium_erp user=SA","logger":"com.zaxxer.hikari.pool.HikariPool","thread":"main","level":"INFO","level_value":20000}
{"timestamp":"2023-02-22T02:19:44.286+07:00","version":"1","msg":"HikariPool-1 - Start completed.","logger":"com.zaxxer.hikari.HikariDataSource","thread":"main","level":"INFO","level_value":20000}
{"timestamp":"2023-02-22T02:19:44.298+07:00","version":"1","msg":"HikariPool-2 - Starting...","logger":"com.zaxxer.hikari.HikariDataSource","thread":"main","level":"INFO","level_value":20000}
{"timestamp":"2023-02-22T02:19:44.302+07:00","version":"1","msg":"HikariPool-2 - Added connection conn1: url=jdbc:h2:mem:cranium_erp_slave user=SA","logger":"com.zaxxer.hikari.pool.HikariPool","thread":"main","level":"INFO","level_value":20000}
{"timestamp":"2023-02-22T02:19:44.303+07:00","version":"1","msg":"HikariPool-2 - Start completed.","logger":"com.zaxxer.hikari.HikariDataSource","thread":"main","level":"INFO","level_value":20000}
{"timestamp":"2023-02-22T02:19:44.304+07:00","version":"1","msg":"HikariPool-3 - Starting...","logger":"com.zaxxer.hikari.HikariDataSource","thread":"main","level":"INFO","level_value":20000}
{"timestamp":"2023-02-22T02:19:44.307+07:00","version":"1","msg":"HikariPool-3 - Added connection conn2: url=jdbc:h2:mem:cranium_erp user=SA","logger":"com.zaxxer.hikari.pool.HikariPool","thread":"main","level":"INFO","level_value":20000}
{"timestamp":"2023-02-22T02:19:44.307+07:00","version":"1","msg":"HikariPool-3 - Start completed.","logger":"com.zaxxer.hikari.HikariDataSource","thread":"main","level":"INFO","level_value":20000}
{"timestamp":"2023-02-22T02:19:44.308+07:00","version":"1","msg":"HikariPool-4 - Starting...","logger":"com.zaxxer.hikari.HikariDataSource","thread":"main","level":"INFO","level_value":20000}
{"timestamp":"2023-02-22T02:19:44.312+07:00","version":"1","msg":"HikariPool-4 - Added connection conn3: url=jdbc:h2:mem:cranium_erp_slave user=SA","logger":"com.zaxxer.hikari.pool.HikariPool","thread":"main","level":"INFO","level_value":20000}
{"timestamp":"2023-02-22T02:19:44.313+07:00","version":"1","msg":"HikariPool-4 - Start completed.","logger":"com.zaxxer.hikari.HikariDataSource","thread":"main","level":"INFO","level_value":20000}
{"timestamp":"2023-02-22T02:19:44.313+07:00","version":"1","msg":"H2 console available at '/h2-console'. Databases available at 'jdbc:h2:mem:cranium_erp', 'jdbc:h2:mem:cranium_erp_slave', 'jdbc:h2:mem:cranium_erp', 'jdbc:h2:mem:cranium_erp_slave'","logger":"org.springframework.boot.autoconfigure.h2.H2ConsoleAutoConfiguration","thread":"main","level":"INFO","level_value":20000}
{"timestamp":"2023-02-22T02:19:44.387+07:00","version":"1","msg":"Filter 'correlationConfiguration' configured for use","logger":"id.cranium.erp.starter.configuration.CorrelationConfiguration","thread":"main","level":"DEBUG","level_value":10000}
{"timestamp":"2023-02-22T02:19:44.442+07:00","version":"1","msg":"Flyway Community Edition 9.5.1 by Redgate","logger":"org.flywaydb.core.internal.license.VersionPrinter","thread":"main","level":"INFO","level_value":20000}
{"timestamp":"2023-02-22T02:19:44.443+07:00","version":"1","msg":"See what's new here: https://flywaydb.org/documentation/learnmore/releaseNotes#9.5.1","logger":"org.flywaydb.core.internal.license.VersionPrinter","thread":"main","level":"INFO","level_value":20000}
{"timestamp":"2023-02-22T02:19:44.444+07:00","version":"1","msg":"","logger":"org.flywaydb.core.internal.license.VersionPrinter","thread":"main","level":"INFO","level_value":20000}
{"timestamp":"2023-02-22T02:19:44.458+07:00","version":"1","msg":"Database: jdbc:h2:mem:cranium_erp (H2 2.1)","logger":"org.flywaydb.core.internal.database.base.BaseDatabaseType","thread":"main","level":"INFO","level_value":20000}
{"timestamp":"2023-02-22T02:19:44.557+07:00","version":"1","msg":"Successfully validated 1 migration (execution time 00:00.032s)","logger":"org.flywaydb.core.internal.command.DbValidate","thread":"main","level":"INFO","level_value":20000}
{"timestamp":"2023-02-22T02:19:44.571+07:00","version":"1","msg":"Creating Schema History table \"cron\".\"flyway_schema_history\" ...","logger":"org.flywaydb.core.internal.schemahistory.JdbcTableSchemaHistory","thread":"main","level":"INFO","level_value":20000}
{"timestamp":"2023-02-22T02:19:44.597+07:00","version":"1","msg":"Current version of schema \"cron\": << Empty Schema >>","logger":"org.flywaydb.core.internal.command.DbMigrate","thread":"main","level":"INFO","level_value":20000}
{"timestamp":"2023-02-22T02:19:44.602+07:00","version":"1","msg":"Migrating schema \"cron\" to version \"1.0.0.0 - create cron schema\"","logger":"org.flywaydb.core.internal.command.DbMigrate","thread":"main","level":"INFO","level_value":20000}
{"timestamp":"2023-02-22T02:19:44.609+07:00","version":"1","msg":"Successfully applied 1 migration to schema \"cron\", now at version v1.0.0.0 (execution time 00:00.016s)","logger":"org.flywaydb.core.internal.command.DbMigrate","thread":"main","level":"INFO","level_value":20000}
{"timestamp":"2023-02-22T02:19:45.257+07:00","version":"1","msg":"HHH000400: Using dialect: org.hibernate.dialect.H2Dialect","logger":"SQL dialect","thread":"main","level":"INFO","level_value":20000}
{"timestamp":"2023-02-22T02:19:45.594+07:00","version":"1","msg":"Initialized JPA EntityManagerFactory for persistence unit 'default'","logger":"org.springframework.orm.jpa.LocalContainerEntityManagerFactoryBean","thread":"main","level":"INFO","level_value":20000}
{"timestamp":"2023-02-22T02:19:45.684+07:00","version":"1","msg":"HHH000400: Using dialect: org.hibernate.dialect.H2Dialect","logger":"SQL dialect","thread":"main","level":"INFO","level_value":20000}
{"timestamp":"2023-02-22T02:19:45.729+07:00","version":"1","msg":"Initialized JPA EntityManagerFactory for persistence unit 'default'","logger":"org.springframework.orm.jpa.LocalContainerEntityManagerFactoryBean","thread":"main","level":"INFO","level_value":20000}
{"timestamp":"2023-02-22T02:19:45.832+07:00","version":"1","msg":"HHH000400: Using dialect: org.hibernate.dialect.H2Dialect","logger":"SQL dialect","thread":"main","level":"INFO","level_value":20000}
{"timestamp":"2023-02-22T02:19:45.852+07:00","version":"1","msg":"Initialized JPA EntityManagerFactory for persistence unit 'default'","logger":"org.springframework.orm.jpa.LocalContainerEntityManagerFactoryBean","thread":"main","level":"INFO","level_value":20000}
{"timestamp":"2023-02-22T02:19:45.935+07:00","version":"1","msg":"HHH000400: Using dialect: org.hibernate.dialect.H2Dialect","logger":"SQL dialect","thread":"main","level":"INFO","level_value":20000}
{"timestamp":"2023-02-22T02:19:45.954+07:00","version":"1","msg":"Initialized JPA EntityManagerFactory for persistence unit 'default'","logger":"org.springframework.orm.jpa.LocalContainerEntityManagerFactoryBean","thread":"main","level":"INFO","level_value":20000}
{"timestamp":"2023-02-22T02:19:46.471+07:00","version":"1","msg":"Successfully validated 1 migration (execution time 00:00.002s)","logger":"org.flywaydb.core.internal.command.DbValidate","thread":"main","level":"INFO","level_value":20000}
{"timestamp":"2023-02-22T02:19:46.473+07:00","version":"1","msg":"Current version of schema \"cron\": 1.0.0.0","logger":"org.flywaydb.core.internal.command.DbMigrate","thread":"main","level":"INFO","level_value":20000}
{"timestamp":"2023-02-22T02:19:46.473+07:00","version":"1","msg":"Schema \"cron\" is up to date. No migration necessary.","logger":"org.flywaydb.core.internal.command.DbMigrate","thread":"main","level":"INFO","level_value":20000}
{"timestamp":"2023-02-22T02:19:46.728+07:00","version":"1","msg":"spring.jpa.open-in-view is enabled by default. Therefore, database queries may be performed during view rendering. Explicitly configure spring.jpa.open-in-view to disable this warning","logger":"org.springframework.boot.autoconfigure.orm.jpa.JpaBaseConfiguration$JpaWebConfiguration","thread":"main","level":"WARN","level_value":30000}
{"timestamp":"2023-02-22T02:19:47.246+07:00","version":"1","msg":"\r\n\r\nUsing generated security password: 457671d7-e393-42f7-a408-15bc50bb169c\r\n\r\nThis generated password is for development use only. Your security configuration must be updated before running your application in production.\r\n","logger":"org.springframework.boot.autoconfigure.security.servlet.UserDetailsServiceAutoConfiguration","thread":"main","level":"WARN","level_value":30000}
{"timestamp":"2023-02-22T02:19:47.356+07:00","version":"1","msg":"Will secure any request with [org.springframework.security.web.session.DisableEncodeUrlFilter@178e125f, org.springframework.security.web.context.request.async.WebAsyncManagerIntegrationFilter@1c16b2f7, org.springframework.security.web.context.SecurityContextHolderFilter@3934574f, org.springframework.security.web.header.HeaderWriterFilter@3045fbb4, org.springframework.security.web.csrf.CsrfFilter@51386308, org.springframework.security.web.authentication.logout.LogoutFilter@41058886, org.springframework.security.web.authentication.UsernamePasswordAuthenticationFilter@2b7b2967, org.springframework.security.web.authentication.ui.DefaultLoginPageGeneratingFilter@52602c48, org.springframework.security.web.authentication.ui.DefaultLogoutPageGeneratingFilter@1b10963a, org.springframework.security.web.authentication.www.BasicAuthenticationFilter@14726e69, org.springframework.security.web.savedrequest.RequestCacheAwareFilter@3e8a1137, org.springframework.security.web.servletapi.SecurityContextHolderAwareRequestFilter@5f50f63e, org.springframework.security.web.authentication.AnonymousAuthenticationFilter@16f453c9, org.springframework.security.web.access.ExceptionTranslationFilter@4834e816, org.springframework.security.web.access.intercept.AuthorizationFilter@28d4c7ec]","logger":"org.springframework.security.web.DefaultSecurityFilterChain","thread":"main","level":"INFO","level_value":20000}
{"timestamp":"2023-02-22T02:19:47.434+07:00","version":"1","msg":"Starting ProtocolHandler [\"http-nio-auto-1\"]","logger":"org.apache.coyote.http11.Http11NioProtocol","thread":"main","level":"INFO","level_value":20000}
{"timestamp":"2023-02-22T02:19:47.469+07:00","version":"1","msg":"Tomcat started on port(s): 53069 (http) with context path ''","logger":"org.springframework.boot.web.embedded.tomcat.TomcatWebServer","thread":"main","level":"INFO","level_value":20000}
{"timestamp":"2023-02-22T02:19:47.483+07:00","version":"1","msg":"Started CronServiceApplicationTests in 7.0 seconds (process running for 8.469)","logger":"id.cranium.erp.cron.cronservice.CronServiceApplicationTests","thread":"main","level":"INFO","level_value":20000}
{"timestamp":"2023-02-22T02:19:47.888+07:00","version":"1","msg":"Closing JPA EntityManagerFactory for persistence unit 'default'","logger":"org.springframework.orm.jpa.LocalContainerEntityManagerFactoryBean","thread":"SpringApplicationShutdownHook","level":"INFO","level_value":20000}
{"timestamp":"2023-02-22T02:19:47.889+07:00","version":"1","msg":"Closing JPA EntityManagerFactory for persistence unit 'default'","logger":"org.springframework.orm.jpa.LocalContainerEntityManagerFactoryBean","thread":"SpringApplicationShutdownHook","level":"INFO","level_value":20000}
{"timestamp":"2023-02-22T02:19:47.889+07:00","version":"1","msg":"Closing JPA EntityManagerFactory for persistence unit 'default'","logger":"org.springframework.orm.jpa.LocalContainerEntityManagerFactoryBean","thread":"SpringApplicationShutdownHook","level":"INFO","level_value":20000}
{"timestamp":"2023-02-22T02:19:47.89+07:00","version":"1","msg":"Closing JPA EntityManagerFactory for persistence unit 'default'","logger":"org.springframework.orm.jpa.LocalContainerEntityManagerFactoryBean","thread":"SpringApplicationShutdownHook","level":"INFO","level_value":20000}
{"timestamp":"2023-02-22T02:19:47.89+07:00","version":"1","msg":"HikariPool-4 - Shutdown initiated...","logger":"com.zaxxer.hikari.HikariDataSource","thread":"SpringApplicationShutdownHook","level":"INFO","level_value":20000}
{"timestamp":"2023-02-22T02:19:47.892+07:00","version":"1","msg":"HikariPool-4 - Shutdown completed.","logger":"com.zaxxer.hikari.HikariDataSource","thread":"SpringApplicationShutdownHook","level":"INFO","level_value":20000}
{"timestamp":"2023-02-22T02:19:47.893+07:00","version":"1","msg":"HikariPool-3 - Shutdown initiated...","logger":"com.zaxxer.hikari.HikariDataSource","thread":"SpringApplicationShutdownHook","level":"INFO","level_value":20000}
{"timestamp":"2023-02-22T02:19:47.897+07:00","version":"1","msg":"HikariPool-3 - Shutdown completed.","logger":"com.zaxxer.hikari.HikariDataSource","thread":"SpringApplicationShutdownHook","level":"INFO","level_value":20000}
{"timestamp":"2023-02-22T02:19:47.897+07:00","version":"1","msg":"HikariPool-2 - Shutdown initiated...","logger":"com.zaxxer.hikari.HikariDataSource","thread":"SpringApplicationShutdownHook","level":"INFO","level_value":20000}
{"timestamp":"2023-02-22T02:19:47.898+07:00","version":"1","msg":"HikariPool-2 - Shutdown completed.","logger":"com.zaxxer.hikari.HikariDataSource","thread":"SpringApplicationShutdownHook","level":"INFO","level_value":20000}
{"timestamp":"2023-02-22T02:19:47.899+07:00","version":"1","msg":"HikariPool-1 - Shutdown initiated...","logger":"com.zaxxer.hikari.HikariDataSource","thread":"SpringApplicationShutdownHook","level":"INFO","level_value":20000}
{"timestamp":"2023-02-22T02:19:47.9+07:00","version":"1","msg":"HikariPool-1 - Shutdown completed.","logger":"com.zaxxer.hikari.HikariDataSource","thread":"SpringApplicationShutdownHook","level":"INFO","level_value":20000}
{"timestamp":"2023-02-22T02:26:06.379+07:00","version":"1","msg":"Starting CronServiceApplicationTests using Java 17.0.6 with PID 25216 (started by Irvan Firiezky Bahri in C:\\Users\\user\\Projek-ERP\\erp-20230218\\erp\\cron-service)","logger":"id.cranium.erp.cron.cronservice.CronServiceApplicationTests","thread":"main","level":"INFO","level_value":20000}
{"timestamp":"2023-02-22T02:26:06.39+07:00","version":"1","msg":"Running with Spring Boot, Spring","logger":"id.cranium.erp.cron.cronservice.CronServiceApplicationTests","thread":"main","level":"DEBUG","level_value":10000}
{"timestamp":"2023-02-22T02:26:06.391+07:00","version":"1","msg":"The following 5 profiles are active: \"starter_test\", \"starterdto_test\", \"cron_test\", \"userdto_test\", \"masterdto_test\"","logger":"id.cranium.erp.cron.cronservice.CronServiceApplicationTests","thread":"main","level":"INFO","level_value":20000}
{"timestamp":"2023-02-22T02:26:07.634+07:00","version":"1","msg":"Bootstrapping Spring Data JPA repositories in DEFAULT mode.","logger":"org.springframework.data.repository.config.RepositoryConfigurationDelegate","thread":"main","level":"INFO","level_value":20000}
{"timestamp":"2023-02-22T02:26:07.682+07:00","version":"1","msg":"Finished Spring Data repository scanning in 38 ms. Found 0 JPA repository interfaces.","logger":"org.springframework.data.repository.config.RepositoryConfigurationDelegate","thread":"main","level":"INFO","level_value":20000}
{"timestamp":"2023-02-22T02:26:07.687+07:00","version":"1","msg":"Bootstrapping Spring Data JPA repositories in DEFAULT mode.","logger":"org.springframework.data.repository.config.RepositoryConfigurationDelegate","thread":"main","level":"INFO","level_value":20000}
{"timestamp":"2023-02-22T02:26:07.728+07:00","version":"1","msg":"Finished Spring Data repository scanning in 39 ms. Found 0 JPA repository interfaces.","logger":"org.springframework.data.repository.config.RepositoryConfigurationDelegate","thread":"main","level":"INFO","level_value":20000}
{"timestamp":"2023-02-22T02:26:07.731+07:00","version":"1","msg":"Bootstrapping Spring Data JPA repositories in DEFAULT mode.","logger":"org.springframework.data.repository.config.RepositoryConfigurationDelegate","thread":"main","level":"INFO","level_value":20000}
{"timestamp":"2023-02-22T02:26:07.768+07:00","version":"1","msg":"Finished Spring Data repository scanning in 36 ms. Found 0 JPA repository interfaces.","logger":"org.springframework.data.repository.config.RepositoryConfigurationDelegate","thread":"main","level":"INFO","level_value":20000}
{"timestamp":"2023-02-22T02:26:07.776+07:00","version":"1","msg":"Bootstrapping Spring Data JPA repositories in DEFAULT mode.","logger":"org.springframework.data.repository.config.RepositoryConfigurationDelegate","thread":"main","level":"INFO","level_value":20000}
{"timestamp":"2023-02-22T02:26:07.805+07:00","version":"1","msg":"Finished Spring Data repository scanning in 27 ms. Found 0 JPA repository interfaces.","logger":"org.springframework.data.repository.config.RepositoryConfigurationDelegate","thread":"main","level":"INFO","level_value":20000}
{"timestamp":"2023-02-22T02:26:08.416+07:00","version":"1","msg":"@Bean method CronTestConfiguration.cronCustomScopeConfigurer is non-static and returns an object assignable to Spring's BeanFactoryPostProcessor interface. This will result in a failure to process annotations such as @Autowired, @Resource and @PostConstruct within the method's declaring @Configuration class. Add the 'static' modifier to this method to avoid these container lifecycle issues; see @Bean javadoc for complete details.","logger":"org.springframework.context.annotation.ConfigurationClassEnhancer","thread":"main","level":"INFO","level_value":20000}
{"timestamp":"2023-02-22T02:26:09.187+07:00","version":"1","msg":"Tomcat initialized with port(s): 0 (http)","logger":"org.springframework.boot.web.embedded.tomcat.TomcatWebServer","thread":"main","level":"INFO","level_value":20000}
{"timestamp":"2023-02-22T02:26:09.205+07:00","version":"1","msg":"Initializing ProtocolHandler [\"http-nio-auto-1\"]","logger":"org.apache.coyote.http11.Http11NioProtocol","thread":"main","level":"INFO","level_value":20000}
{"timestamp":"2023-02-22T02:26:09.207+07:00","version":"1","msg":"Starting service [Tomcat]","logger":"org.apache.catalina.core.StandardService","thread":"main","level":"INFO","level_value":20000}
{"timestamp":"2023-02-22T02:26:09.208+07:00","version":"1","msg":"Starting Servlet engine: [Apache Tomcat/10.1.5]","logger":"org.apache.catalina.core.StandardEngine","thread":"main","level":"INFO","level_value":20000}
{"timestamp":"2023-02-22T02:26:09.328+07:00","version":"1","msg":"Initializing Spring embedded WebApplicationContext","logger":"org.apache.catalina.core.ContainerBase.[Tomcat].[localhost].[/]","thread":"main","level":"INFO","level_value":20000}
{"timestamp":"2023-02-22T02:26:09.331+07:00","version":"1","msg":"Root WebApplicationContext: initialization completed in 2675 ms","logger":"org.springframework.boot.web.servlet.context.ServletWebServerApplicationContext","thread":"main","level":"INFO","level_value":20000}
{"timestamp":"2023-02-22T02:26:09.419+07:00","version":"1","msg":"HikariPool-1 - Starting...","logger":"com.zaxxer.hikari.HikariDataSource","thread":"main","level":"INFO","level_value":20000}
{"timestamp":"2023-02-22T02:26:09.675+07:00","version":"1","msg":"HikariPool-1 - Added connection conn0: url=jdbc:h2:mem:cranium_erp user=SA","logger":"com.zaxxer.hikari.pool.HikariPool","thread":"main","level":"INFO","level_value":20000}
{"timestamp":"2023-02-22T02:26:09.677+07:00","version":"1","msg":"HikariPool-1 - Start completed.","logger":"com.zaxxer.hikari.HikariDataSource","thread":"main","level":"INFO","level_value":20000}
{"timestamp":"2023-02-22T02:26:09.691+07:00","version":"1","msg":"HikariPool-2 - Starting...","logger":"com.zaxxer.hikari.HikariDataSource","thread":"main","level":"INFO","level_value":20000}
{"timestamp":"2023-02-22T02:26:09.698+07:00","version":"1","msg":"HikariPool-2 - Added connection conn1: url=jdbc:h2:mem:cranium_erp_slave user=SA","logger":"com.zaxxer.hikari.pool.HikariPool","thread":"main","level":"INFO","level_value":20000}
{"timestamp":"2023-02-22T02:26:09.698+07:00","version":"1","msg":"HikariPool-2 - Start completed.","logger":"com.zaxxer.hikari.HikariDataSource","thread":"main","level":"INFO","level_value":20000}
{"timestamp":"2023-02-22T02:26:09.699+07:00","version":"1","msg":"HikariPool-3 - Starting...","logger":"com.zaxxer.hikari.HikariDataSource","thread":"main","level":"INFO","level_value":20000}
{"timestamp":"2023-02-22T02:26:09.701+07:00","version":"1","msg":"HikariPool-3 - Added connection conn2: url=jdbc:h2:mem:cranium_erp user=SA","logger":"com.zaxxer.hikari.pool.HikariPool","thread":"main","level":"INFO","level_value":20000}
{"timestamp":"2023-02-22T02:26:09.702+07:00","version":"1","msg":"HikariPool-3 - Start completed.","logger":"com.zaxxer.hikari.HikariDataSource","thread":"main","level":"INFO","level_value":20000}
{"timestamp":"2023-02-22T02:26:09.702+07:00","version":"1","msg":"HikariPool-4 - Starting...","logger":"com.zaxxer.hikari.HikariDataSource","thread":"main","level":"INFO","level_value":20000}
{"timestamp":"2023-02-22T02:26:09.704+07:00","version":"1","msg":"HikariPool-4 - Added connection conn3: url=jdbc:h2:mem:cranium_erp_slave user=SA","logger":"com.zaxxer.hikari.pool.HikariPool","thread":"main","level":"INFO","level_value":20000}
{"timestamp":"2023-02-22T02:26:09.705+07:00","version":"1","msg":"HikariPool-4 - Start completed.","logger":"com.zaxxer.hikari.HikariDataSource","thread":"main","level":"INFO","level_value":20000}
{"timestamp":"2023-02-22T02:26:09.705+07:00","version":"1","msg":"H2 console available at '/h2-console'. Databases available at 'jdbc:h2:mem:cranium_erp', 'jdbc:h2:mem:cranium_erp_slave', 'jdbc:h2:mem:cranium_erp', 'jdbc:h2:mem:cranium_erp_slave'","logger":"org.springframework.boot.autoconfigure.h2.H2ConsoleAutoConfiguration","thread":"main","level":"INFO","level_value":20000}
{"timestamp":"2023-02-22T02:26:09.79+07:00","version":"1","msg":"Filter 'correlationConfiguration' configured for use","logger":"id.cranium.erp.starter.configuration.CorrelationConfiguration","thread":"main","level":"DEBUG","level_value":10000}
{"timestamp":"2023-02-22T02:26:09.859+07:00","version":"1","msg":"Flyway Community Edition 9.5.1 by Redgate","logger":"org.flywaydb.core.internal.license.VersionPrinter","thread":"main","level":"INFO","level_value":20000}
{"timestamp":"2023-02-22T02:26:09.86+07:00","version":"1","msg":"See what's new here: https://flywaydb.org/documentation/learnmore/releaseNotes#9.5.1","logger":"org.flywaydb.core.internal.license.VersionPrinter","thread":"main","level":"INFO","level_value":20000}
{"timestamp":"2023-02-22T02:26:09.86+07:00","version":"1","msg":"","logger":"org.flywaydb.core.internal.license.VersionPrinter","thread":"main","level":"INFO","level_value":20000}
{"timestamp":"2023-02-22T02:26:09.878+07:00","version":"1","msg":"Database: jdbc:h2:mem:cranium_erp (H2 2.1)","logger":"org.flywaydb.core.internal.database.base.BaseDatabaseType","thread":"main","level":"INFO","level_value":20000}
{"timestamp":"2023-02-22T02:26:09.97+07:00","version":"1","msg":"Successfully validated 1 migration (execution time 00:00.018s)","logger":"org.flywaydb.core.internal.command.DbValidate","thread":"main","level":"INFO","level_value":20000}
{"timestamp":"2023-02-22T02:26:09.983+07:00","version":"1","msg":"Creating Schema History table \"cron\".\"flyway_schema_history\" ...","logger":"org.flywaydb.core.internal.schemahistory.JdbcTableSchemaHistory","thread":"main","level":"INFO","level_value":20000}
{"timestamp":"2023-02-22T02:26:10.011+07:00","version":"1","msg":"Current version of schema \"cron\": << Empty Schema >>","logger":"org.flywaydb.core.internal.command.DbMigrate","thread":"main","level":"INFO","level_value":20000}
{"timestamp":"2023-02-22T02:26:10.02+07:00","version":"1","msg":"Migrating schema \"cron\" to version \"1.0.0.0 - create cron schema\"","logger":"org.flywaydb.core.internal.command.DbMigrate","thread":"main","level":"INFO","level_value":20000}
{"timestamp":"2023-02-22T02:26:10.028+07:00","version":"1","msg":"Successfully applied 1 migration to schema \"cron\", now at version v1.0.0.0 (execution time 00:00.019s)","logger":"org.flywaydb.core.internal.command.DbMigrate","thread":"main","level":"INFO","level_value":20000}
{"timestamp":"2023-02-22T02:26:10.744+07:00","version":"1","msg":"HHH000400: Using dialect: org.hibernate.dialect.H2Dialect","logger":"SQL dialect","thread":"main","level":"INFO","level_value":20000}
{"timestamp":"2023-02-22T02:26:11.065+07:00","version":"1","msg":"Initialized JPA EntityManagerFactory for persistence unit 'default'","logger":"org.springframework.orm.jpa.LocalContainerEntityManagerFactoryBean","thread":"main","level":"INFO","level_value":20000}
{"timestamp":"2023-02-22T02:26:11.165+07:00","version":"1","msg":"HHH000400: Using dialect: org.hibernate.dialect.H2Dialect","logger":"SQL dialect","thread":"main","level":"INFO","level_value":20000}
{"timestamp":"2023-02-22T02:26:11.184+07:00","version":"1","msg":"Initialized JPA EntityManagerFactory for persistence unit 'default'","logger":"org.springframework.orm.jpa.LocalContainerEntityManagerFactoryBean","thread":"main","level":"INFO","level_value":20000}
{"timestamp":"2023-02-22T02:26:11.261+07:00","version":"1","msg":"HHH000400: Using dialect: org.hibernate.dialect.H2Dialect","logger":"SQL dialect","thread":"main","level":"INFO","level_value":20000}
{"timestamp":"2023-02-22T02:26:11.278+07:00","version":"1","msg":"Initialized JPA EntityManagerFactory for persistence unit 'default'","logger":"org.springframework.orm.jpa.LocalContainerEntityManagerFactoryBean","thread":"main","level":"INFO","level_value":20000}
{"timestamp":"2023-02-22T02:26:11.355+07:00","version":"1","msg":"HHH000400: Using dialect: org.hibernate.dialect.H2Dialect","logger":"SQL dialect","thread":"main","level":"INFO","level_value":20000}
{"timestamp":"2023-02-22T02:26:11.369+07:00","version":"1","msg":"Initialized JPA EntityManagerFactory for persistence unit 'default'","logger":"org.springframework.orm.jpa.LocalContainerEntityManagerFactoryBean","thread":"main","level":"INFO","level_value":20000}
{"timestamp":"2023-02-22T02:26:11.901+07:00","version":"1","msg":"Successfully validated 1 migration (execution time 00:00.003s)","logger":"org.flywaydb.core.internal.command.DbValidate","thread":"main","level":"INFO","level_value":20000}
{"timestamp":"2023-02-22T02:26:11.903+07:00","version":"1","msg":"Current version of schema \"cron\": 1.0.0.0","logger":"org.flywaydb.core.internal.command.DbMigrate","thread":"main","level":"INFO","level_value":20000}
{"timestamp":"2023-02-22T02:26:11.904+07:00","version":"1","msg":"Schema \"cron\" is up to date. No migration necessary.","logger":"org.flywaydb.core.internal.command.DbMigrate","thread":"main","level":"INFO","level_value":20000}
{"timestamp":"2023-02-22T02:26:12.141+07:00","version":"1","msg":"spring.jpa.open-in-view is enabled by default. Therefore, database queries may be performed during view rendering. Explicitly configure spring.jpa.open-in-view to disable this warning","logger":"org.springframework.boot.autoconfigure.orm.jpa.JpaBaseConfiguration$JpaWebConfiguration","thread":"main","level":"WARN","level_value":30000}
{"timestamp":"2023-02-22T02:26:12.686+07:00","version":"1","msg":"\r\n\r\nUsing generated security password: 91498f7f-9550-4c3d-bfe2-ad1bc8bc6f51\r\n\r\nThis generated password is for development use only. Your security configuration must be updated before running your application in production.\r\n","logger":"org.springframework.boot.autoconfigure.security.servlet.UserDetailsServiceAutoConfiguration","thread":"main","level":"WARN","level_value":30000}
{"timestamp":"2023-02-22T02:26:12.808+07:00","version":"1","msg":"Will secure any request with [org.springframework.security.web.session.DisableEncodeUrlFilter@911a6cd, org.springframework.security.web.context.request.async.WebAsyncManagerIntegrationFilter@360c25f, org.springframework.security.web.context.SecurityContextHolderFilter@6137a032, org.springframework.security.web.header.HeaderWriterFilter@4d2bac23, org.springframework.security.web.csrf.CsrfFilter@157312, org.springframework.security.web.authentication.logout.LogoutFilter@57bbf4e5, org.springframework.security.web.authentication.UsernamePasswordAuthenticationFilter@78171169, org.springframework.security.web.authentication.ui.DefaultLoginPageGeneratingFilter@58a7226e, org.springframework.security.web.authentication.ui.DefaultLogoutPageGeneratingFilter@6ac4f76a, org.springframework.security.web.authentication.www.BasicAuthenticationFilter@2e48f0a1, org.springframework.security.web.savedrequest.RequestCacheAwareFilter@1c1082d9, org.springframework.security.web.servletapi.SecurityContextHolderAwareRequestFilter@178e125f, org.springframework.security.web.authentication.AnonymousAuthenticationFilter@250284ae, org.springframework.security.web.access.ExceptionTranslationFilter@310cd0d2, org.springframework.security.web.access.intercept.AuthorizationFilter@7f218b0c]","logger":"org.springframework.security.web.DefaultSecurityFilterChain","thread":"main","level":"INFO","level_value":20000}
{"timestamp":"2023-02-22T02:26:12.872+07:00","version":"1","msg":"Starting ProtocolHandler [\"http-nio-auto-1\"]","logger":"org.apache.coyote.http11.Http11NioProtocol","thread":"main","level":"INFO","level_value":20000}
{"timestamp":"2023-02-22T02:26:12.907+07:00","version":"1","msg":"Tomcat started on port(s): 53359 (http) with context path ''","logger":"org.springframework.boot.web.embedded.tomcat.TomcatWebServer","thread":"main","level":"INFO","level_value":20000}
{"timestamp":"2023-02-22T02:26:12.922+07:00","version":"1","msg":"Started CronServiceApplicationTests in 7.21 seconds (process running for 8.651)","logger":"id.cranium.erp.cron.cronservice.CronServiceApplicationTests","thread":"main","level":"INFO","level_value":20000}
{"timestamp":"2023-02-22T02:26:13.384+07:00","version":"1","msg":"Closing JPA EntityManagerFactory for persistence unit 'default'","logger":"org.springframework.orm.jpa.LocalContainerEntityManagerFactoryBean","thread":"SpringApplicationShutdownHook","level":"INFO","level_value":20000}
{"timestamp":"2023-02-22T02:26:13.385+07:00","version":"1","msg":"Closing JPA EntityManagerFactory for persistence unit 'default'","logger":"org.springframework.orm.jpa.LocalContainerEntityManagerFactoryBean","thread":"SpringApplicationShutdownHook","level":"INFO","level_value":20000}
{"timestamp":"2023-02-22T02:26:13.386+07:00","version":"1","msg":"Closing JPA EntityManagerFactory for persistence unit 'default'","logger":"org.springframework.orm.jpa.LocalContainerEntityManagerFactoryBean","thread":"SpringApplicationShutdownHook","level":"INFO","level_value":20000}
{"timestamp":"2023-02-22T02:26:13.387+07:00","version":"1","msg":"Closing JPA EntityManagerFactory for persistence unit 'default'","logger":"org.springframework.orm.jpa.LocalContainerEntityManagerFactoryBean","thread":"SpringApplicationShutdownHook","level":"INFO","level_value":20000}
{"timestamp":"2023-02-22T02:26:13.388+07:00","version":"1","msg":"HikariPool-4 - Shutdown initiated...","logger":"com.zaxxer.hikari.HikariDataSource","thread":"SpringApplicationShutdownHook","level":"INFO","level_value":20000}
{"timestamp":"2023-02-22T02:26:13.39+07:00","version":"1","msg":"HikariPool-4 - Shutdown completed.","logger":"com.zaxxer.hikari.HikariDataSource","thread":"SpringApplicationShutdownHook","level":"INFO","level_value":20000}
{"timestamp":"2023-02-22T02:26:13.391+07:00","version":"1","msg":"HikariPool-3 - Shutdown initiated...","logger":"com.zaxxer.hikari.HikariDataSource","thread":"SpringApplicationShutdownHook","level":"INFO","level_value":20000}
{"timestamp":"2023-02-22T02:26:13.392+07:00","version":"1","msg":"HikariPool-3 - Shutdown completed.","logger":"com.zaxxer.hikari.HikariDataSource","thread":"SpringApplicationShutdownHook","level":"INFO","level_value":20000}
{"timestamp":"2023-02-22T02:26:13.392+07:00","version":"1","msg":"HikariPool-2 - Shutdown initiated...","logger":"com.zaxxer.hikari.HikariDataSource","thread":"SpringApplicationShutdownHook","level":"INFO","level_value":20000}
{"timestamp":"2023-02-22T02:26:13.394+07:00","version":"1","msg":"HikariPool-2 - Shutdown completed.","logger":"com.zaxxer.hikari.HikariDataSource","thread":"SpringApplicationShutdownHook","level":"INFO","level_value":20000}
{"timestamp":"2023-02-22T02:26:13.395+07:00","version":"1","msg":"HikariPool-1 - Shutdown initiated...","logger":"com.zaxxer.hikari.HikariDataSource","thread":"SpringApplicationShutdownHook","level":"INFO","level_value":20000}
{"timestamp":"2023-02-22T02:26:13.397+07:00","version":"1","msg":"HikariPool-1 - Shutdown completed.","logger":"com.zaxxer.hikari.HikariDataSource","thread":"SpringApplicationShutdownHook","level":"INFO","level_value":20000}
