{"timestamp":"2023-02-21T09:08:06.051+07:00","version":"1","msg":"Starting CronServiceApplicationTests using Java 17.0.6 with PID 12416 (started by Irvan Firiezky Bahri in C:\\Users\\user\\Projek-ERP\\erp-20230218\\erp\\cron-service)","logger":"id.cranium.erp.cron.cronservice.CronServiceApplicationTests","thread":"main","level":"INFO","level_value":20000}
{"timestamp":"2023-02-21T09:08:06.062+07:00","version":"1","msg":"Running with Spring Boot, Spring","logger":"id.cranium.erp.cron.cronservice.CronServiceApplicationTests","thread":"main","level":"DEBUG","level_value":10000}
{"timestamp":"2023-02-21T09:08:06.064+07:00","version":"1","msg":"The following 5 profiles are active: \"starter_test\", \"starterdto_test\", \"cron_test\", \"userdto_test\", \"masterdto_test\"","logger":"id.cranium.erp.cron.cronservice.CronServiceApplicationTests","thread":"main","level":"INFO","level_value":20000}
{"timestamp":"2023-02-21T09:08:07.019+07:00","version":"1","msg":"Bootstrapping Spring Data JPA repositories in DEFAULT mode.","logger":"org.springframework.data.repository.config.RepositoryConfigurationDelegate","thread":"main","level":"INFO","level_value":20000}
{"timestamp":"2023-02-21T09:08:07.064+07:00","version":"1","msg":"Finished Spring Data repository scanning in 34 ms. Found 0 JPA repository interfaces.","logger":"org.springframework.data.repository.config.RepositoryConfigurationDelegate","thread":"main","level":"INFO","level_value":20000}
{"timestamp":"2023-02-21T09:08:07.069+07:00","version":"1","msg":"Bootstrapping Spring Data JPA repositories in DEFAULT mode.","logger":"org.springframework.data.repository.config.RepositoryConfigurationDelegate","thread":"main","level":"INFO","level_value":20000}
{"timestamp":"2023-02-21T09:08:07.097+07:00","version":"1","msg":"Finished Spring Data repository scanning in 27 ms. Found 0 JPA repository interfaces.","logger":"org.springframework.data.repository.config.RepositoryConfigurationDelegate","thread":"main","level":"INFO","level_value":20000}
{"timestamp":"2023-02-21T09:08:07.1+07:00","version":"1","msg":"Bootstrapping Spring Data JPA repositories in DEFAULT mode.","logger":"org.springframework.data.repository.config.RepositoryConfigurationDelegate","thread":"main","level":"INFO","level_value":20000}
{"timestamp":"2023-02-21T09:08:07.127+07:00","version":"1","msg":"Finished Spring Data repository scanning in 26 ms. Found 0 JPA repository interfaces.","logger":"org.springframework.data.repository.config.RepositoryConfigurationDelegate","thread":"main","level":"INFO","level_value":20000}
{"timestamp":"2023-02-21T09:08:07.136+07:00","version":"1","msg":"Bootstrapping Spring Data JPA repositories in DEFAULT mode.","logger":"org.springframework.data.repository.config.RepositoryConfigurationDelegate","thread":"main","level":"INFO","level_value":20000}
{"timestamp":"2023-02-21T09:08:07.163+07:00","version":"1","msg":"Finished Spring Data repository scanning in 27 ms. Found 0 JPA repository interfaces.","logger":"org.springframework.data.repository.config.RepositoryConfigurationDelegate","thread":"main","level":"INFO","level_value":20000}
{"timestamp":"2023-02-21T09:08:07.605+07:00","version":"1","msg":"@Bean method CronTestConfiguration.cronCustomScopeConfigurer is non-static and returns an object assignable to Spring's BeanFactoryPostProcessor interface. This will result in a failure to process annotations such as @Autowired, @Resource and @PostConstruct within the method's declaring @Configuration class. Add the 'static' modifier to this method to avoid these container lifecycle issues; see @Bean javadoc for complete details.","logger":"org.springframework.context.annotation.ConfigurationClassEnhancer","thread":"main","level":"INFO","level_value":20000}
{"timestamp":"2023-02-21T09:08:08.257+07:00","version":"1","msg":"Tomcat initialized with port(s): 0 (http)","logger":"org.springframework.boot.web.embedded.tomcat.TomcatWebServer","thread":"main","level":"INFO","level_value":20000}
{"timestamp":"2023-02-21T09:08:08.268+07:00","version":"1","msg":"Initializing ProtocolHandler [\"http-nio-auto-1\"]","logger":"org.apache.coyote.http11.Http11NioProtocol","thread":"main","level":"INFO","level_value":20000}
{"timestamp":"2023-02-21T09:08:08.269+07:00","version":"1","msg":"Starting service [Tomcat]","logger":"org.apache.catalina.core.StandardService","thread":"main","level":"INFO","level_value":20000}
{"timestamp":"2023-02-21T09:08:08.27+07:00","version":"1","msg":"Starting Servlet engine: [Apache Tomcat/10.1.5]","logger":"org.apache.catalina.core.StandardEngine","thread":"main","level":"INFO","level_value":20000}
{"timestamp":"2023-02-21T09:08:08.362+07:00","version":"1","msg":"Initializing Spring embedded WebApplicationContext","logger":"org.apache.catalina.core.ContainerBase.[Tomcat].[localhost].[/]","thread":"main","level":"INFO","level_value":20000}
{"timestamp":"2023-02-21T09:08:08.367+07:00","version":"1","msg":"Root WebApplicationContext: initialization completed in 2077 ms","logger":"org.springframework.boot.web.servlet.context.ServletWebServerApplicationContext","thread":"main","level":"INFO","level_value":20000}
{"timestamp":"2023-02-21T09:08:08.427+07:00","version":"1","msg":"HikariPool-1 - Starting...","logger":"com.zaxxer.hikari.HikariDataSource","thread":"main","level":"INFO","level_value":20000}
{"timestamp":"2023-02-21T09:08:08.633+07:00","version":"1","msg":"HikariPool-1 - Added connection conn0: url=jdbc:h2:mem:cranium_erp user=SA","logger":"com.zaxxer.hikari.pool.HikariPool","thread":"main","level":"INFO","level_value":20000}
{"timestamp":"2023-02-21T09:08:08.635+07:00","version":"1","msg":"HikariPool-1 - Start completed.","logger":"com.zaxxer.hikari.HikariDataSource","thread":"main","level":"INFO","level_value":20000}
{"timestamp":"2023-02-21T09:08:08.645+07:00","version":"1","msg":"HikariPool-2 - Starting...","logger":"com.zaxxer.hikari.HikariDataSource","thread":"main","level":"INFO","level_value":20000}
{"timestamp":"2023-02-21T09:08:08.649+07:00","version":"1","msg":"HikariPool-2 - Added connection conn1: url=jdbc:h2:mem:cranium_erp_slave user=SA","logger":"com.zaxxer.hikari.pool.HikariPool","thread":"main","level":"INFO","level_value":20000}
{"timestamp":"2023-02-21T09:08:08.651+07:00","version":"1","msg":"HikariPool-2 - Start completed.","logger":"com.zaxxer.hikari.HikariDataSource","thread":"main","level":"INFO","level_value":20000}
{"timestamp":"2023-02-21T09:08:08.651+07:00","version":"1","msg":"HikariPool-3 - Starting...","logger":"com.zaxxer.hikari.HikariDataSource","thread":"main","level":"INFO","level_value":20000}
{"timestamp":"2023-02-21T09:08:08.653+07:00","version":"1","msg":"HikariPool-3 - Added connection conn2: url=jdbc:h2:mem:cranium_erp user=SA","logger":"com.zaxxer.hikari.pool.HikariPool","thread":"main","level":"INFO","level_value":20000}
{"timestamp":"2023-02-21T09:08:08.654+07:00","version":"1","msg":"HikariPool-3 - Start completed.","logger":"com.zaxxer.hikari.HikariDataSource","thread":"main","level":"INFO","level_value":20000}
{"timestamp":"2023-02-21T09:08:08.654+07:00","version":"1","msg":"HikariPool-4 - Starting...","logger":"com.zaxxer.hikari.HikariDataSource","thread":"main","level":"INFO","level_value":20000}
{"timestamp":"2023-02-21T09:08:08.656+07:00","version":"1","msg":"HikariPool-4 - Added connection conn3: url=jdbc:h2:mem:cranium_erp_slave user=SA","logger":"com.zaxxer.hikari.pool.HikariPool","thread":"main","level":"INFO","level_value":20000}
{"timestamp":"2023-02-21T09:08:08.657+07:00","version":"1","msg":"HikariPool-4 - Start completed.","logger":"com.zaxxer.hikari.HikariDataSource","thread":"main","level":"INFO","level_value":20000}
{"timestamp":"2023-02-21T09:08:08.657+07:00","version":"1","msg":"H2 console available at '/h2-console'. Databases available at 'jdbc:h2:mem:cranium_erp', 'jdbc:h2:mem:cranium_erp_slave', 'jdbc:h2:mem:cranium_erp', 'jdbc:h2:mem:cranium_erp_slave'","logger":"org.springframework.boot.autoconfigure.h2.H2ConsoleAutoConfiguration","thread":"main","level":"INFO","level_value":20000}
{"timestamp":"2023-02-21T09:08:08.714+07:00","version":"1","msg":"Filter 'correlationConfiguration' configured for use","logger":"id.cranium.erp.starter.configuration.CorrelationConfiguration","thread":"main","level":"DEBUG","level_value":10000}
{"timestamp":"2023-02-21T09:08:08.775+07:00","version":"1","msg":"Flyway Community Edition 9.5.1 by Redgate","logger":"org.flywaydb.core.internal.license.VersionPrinter","thread":"main","level":"INFO","level_value":20000}
{"timestamp":"2023-02-21T09:08:08.775+07:00","version":"1","msg":"See what's new here: https://flywaydb.org/documentation/learnmore/releaseNotes#9.5.1","logger":"org.flywaydb.core.internal.license.VersionPrinter","thread":"main","level":"INFO","level_value":20000}
{"timestamp":"2023-02-21T09:08:08.775+07:00","version":"1","msg":"","logger":"org.flywaydb.core.internal.license.VersionPrinter","thread":"main","level":"INFO","level_value":20000}
{"timestamp":"2023-02-21T09:08:08.789+07:00","version":"1","msg":"Database: jdbc:h2:mem:cranium_erp (H2 2.1)","logger":"org.flywaydb.core.internal.database.base.BaseDatabaseType","thread":"main","level":"INFO","level_value":20000}
{"timestamp":"2023-02-21T09:08:08.868+07:00","version":"1","msg":"Successfully validated 1 migration (execution time 00:00.028s)","logger":"org.flywaydb.core.internal.command.DbValidate","thread":"main","level":"INFO","level_value":20000}
{"timestamp":"2023-02-21T09:08:08.878+07:00","version":"1","msg":"Creating Schema History table \"cron\".\"flyway_schema_history\" ...","logger":"org.flywaydb.core.internal.schemahistory.JdbcTableSchemaHistory","thread":"main","level":"INFO","level_value":20000}
{"timestamp":"2023-02-21T09:08:08.904+07:00","version":"1","msg":"Current version of schema \"cron\": << Empty Schema >>","logger":"org.flywaydb.core.internal.command.DbMigrate","thread":"main","level":"INFO","level_value":20000}
{"timestamp":"2023-02-21T09:08:08.909+07:00","version":"1","msg":"Migrating schema \"cron\" to version \"1.0.0.0 - create cron schema\"","logger":"org.flywaydb.core.internal.command.DbMigrate","thread":"main","level":"INFO","level_value":20000}
{"timestamp":"2023-02-21T09:08:08.915+07:00","version":"1","msg":"Successfully applied 1 migration to schema \"cron\", now at version v1.0.0.0 (execution time 00:00.014s)","logger":"org.flywaydb.core.internal.command.DbMigrate","thread":"main","level":"INFO","level_value":20000}
{"timestamp":"2023-02-21T09:08:09.444+07:00","version":"1","msg":"HHH000400: Using dialect: org.hibernate.dialect.H2Dialect","logger":"SQL dialect","thread":"main","level":"INFO","level_value":20000}
{"timestamp":"2023-02-21T09:08:09.768+07:00","version":"1","msg":"Initialized JPA EntityManagerFactory for persistence unit 'default'","logger":"org.springframework.orm.jpa.LocalContainerEntityManagerFactoryBean","thread":"main","level":"INFO","level_value":20000}
{"timestamp":"2023-02-21T09:08:09.835+07:00","version":"1","msg":"HHH000400: Using dialect: org.hibernate.dialect.H2Dialect","logger":"SQL dialect","thread":"main","level":"INFO","level_value":20000}
{"timestamp":"2023-02-21T09:08:09.848+07:00","version":"1","msg":"Initialized JPA EntityManagerFactory for persistence unit 'default'","logger":"org.springframework.orm.jpa.LocalContainerEntityManagerFactoryBean","thread":"main","level":"INFO","level_value":20000}
{"timestamp":"2023-02-21T09:08:09.916+07:00","version":"1","msg":"HHH000400: Using dialect: org.hibernate.dialect.H2Dialect","logger":"SQL dialect","thread":"main","level":"INFO","level_value":20000}
{"timestamp":"2023-02-21T09:08:09.927+07:00","version":"1","msg":"Initialized JPA EntityManagerFactory for persistence unit 'default'","logger":"org.springframework.orm.jpa.LocalContainerEntityManagerFactoryBean","thread":"main","level":"INFO","level_value":20000}
{"timestamp":"2023-02-21T09:08:09.981+07:00","version":"1","msg":"HHH000400: Using dialect: org.hibernate.dialect.H2Dialect","logger":"SQL dialect","thread":"main","level":"INFO","level_value":20000}
{"timestamp":"2023-02-21T09:08:09.994+07:00","version":"1","msg":"Initialized JPA EntityManagerFactory for persistence unit 'default'","logger":"org.springframework.orm.jpa.LocalContainerEntityManagerFactoryBean","thread":"main","level":"INFO","level_value":20000}
{"timestamp":"2023-02-21T09:08:10.423+07:00","version":"1","msg":"Successfully validated 1 migration (execution time 00:00.003s)","logger":"org.flywaydb.core.internal.command.DbValidate","thread":"main","level":"INFO","level_value":20000}
{"timestamp":"2023-02-21T09:08:10.424+07:00","version":"1","msg":"Current version of schema \"cron\": 1.0.0.0","logger":"org.flywaydb.core.internal.command.DbMigrate","thread":"main","level":"INFO","level_value":20000}
{"timestamp":"2023-02-21T09:08:10.425+07:00","version":"1","msg":"Schema \"cron\" is up to date. No migration necessary.","logger":"org.flywaydb.core.internal.command.DbMigrate","thread":"main","level":"INFO","level_value":20000}
{"timestamp":"2023-02-21T09:08:10.667+07:00","version":"1","msg":"spring.jpa.open-in-view is enabled by default. Therefore, database queries may be performed during view rendering. Explicitly configure spring.jpa.open-in-view to disable this warning","logger":"org.springframework.boot.autoconfigure.orm.jpa.JpaBaseConfiguration$JpaWebConfiguration","thread":"main","level":"WARN","level_value":30000}
{"timestamp":"2023-02-21T09:08:11.118+07:00","version":"1","msg":"\r\n\r\nUsing generated security password: c40bcada-0c84-4c11-8ad5-481ff8216d91\r\n\r\nThis generated password is for development use only. Your security configuration must be updated before running your application in production.\r\n","logger":"org.springframework.boot.autoconfigure.security.servlet.UserDetailsServiceAutoConfiguration","thread":"main","level":"WARN","level_value":30000}
{"timestamp":"2023-02-21T09:08:11.2+07:00","version":"1","msg":"Will secure any request with [org.springframework.security.web.session.DisableEncodeUrlFilter@f905f3e, org.springframework.security.web.context.request.async.WebAsyncManagerIntegrationFilter@178e125f, org.springframework.security.web.context.SecurityContextHolderFilter@2e00032d, org.springframework.security.web.header.HeaderWriterFilter@3c3562c0, org.springframework.security.web.csrf.CsrfFilter@35f18100, org.springframework.security.web.authentication.logout.LogoutFilter@775b908f, org.springframework.security.web.authentication.UsernamePasswordAuthenticationFilter@28d4c7ec, org.springframework.security.web.authentication.ui.DefaultLoginPageGeneratingFilter@6ae30b05, org.springframework.security.web.authentication.ui.DefaultLogoutPageGeneratingFilter@1c16b2f7, org.springframework.security.web.authentication.www.BasicAuthenticationFilter@48187168, org.springframework.security.web.savedrequest.RequestCacheAwareFilter@26338386, org.springframework.security.web.servletapi.SecurityContextHolderAwareRequestFilter@313d5a87, org.springframework.security.web.authentication.AnonymousAuthenticationFilter@1b10963a, org.springframework.security.web.access.ExceptionTranslationFilter@4cc7bd09, org.springframework.security.web.access.intercept.AuthorizationFilter@3a9a1adf]","logger":"org.springframework.security.web.DefaultSecurityFilterChain","thread":"main","level":"INFO","level_value":20000}
{"timestamp":"2023-02-21T09:08:11.263+07:00","version":"1","msg":"Starting ProtocolHandler [\"http-nio-auto-1\"]","logger":"org.apache.coyote.http11.Http11NioProtocol","thread":"main","level":"INFO","level_value":20000}
{"timestamp":"2023-02-21T09:08:11.29+07:00","version":"1","msg":"Tomcat started on port(s): 55724 (http) with context path ''","logger":"org.springframework.boot.web.embedded.tomcat.TomcatWebServer","thread":"main","level":"INFO","level_value":20000}
{"timestamp":"2023-02-21T09:08:11.302+07:00","version":"1","msg":"Started CronServiceApplicationTests in 5.802 seconds (process running for 7.064)","logger":"id.cranium.erp.cron.cronservice.CronServiceApplicationTests","thread":"main","level":"INFO","level_value":20000}
{"timestamp":"2023-02-21T09:08:11.679+07:00","version":"1","msg":"Closing JPA EntityManagerFactory for persistence unit 'default'","logger":"org.springframework.orm.jpa.LocalContainerEntityManagerFactoryBean","thread":"SpringApplicationShutdownHook","level":"INFO","level_value":20000}
{"timestamp":"2023-02-21T09:08:11.68+07:00","version":"1","msg":"Closing JPA EntityManagerFactory for persistence unit 'default'","logger":"org.springframework.orm.jpa.LocalContainerEntityManagerFactoryBean","thread":"SpringApplicationShutdownHook","level":"INFO","level_value":20000}
{"timestamp":"2023-02-21T09:08:11.68+07:00","version":"1","msg":"Closing JPA EntityManagerFactory for persistence unit 'default'","logger":"org.springframework.orm.jpa.LocalContainerEntityManagerFactoryBean","thread":"SpringApplicationShutdownHook","level":"INFO","level_value":20000}
{"timestamp":"2023-02-21T09:08:11.681+07:00","version":"1","msg":"Closing JPA EntityManagerFactory for persistence unit 'default'","logger":"org.springframework.orm.jpa.LocalContainerEntityManagerFactoryBean","thread":"SpringApplicationShutdownHook","level":"INFO","level_value":20000}
{"timestamp":"2023-02-21T09:08:11.682+07:00","version":"1","msg":"HikariPool-4 - Shutdown initiated...","logger":"com.zaxxer.hikari.HikariDataSource","thread":"SpringApplicationShutdownHook","level":"INFO","level_value":20000}
{"timestamp":"2023-02-21T09:08:11.684+07:00","version":"1","msg":"HikariPool-4 - Shutdown completed.","logger":"com.zaxxer.hikari.HikariDataSource","thread":"SpringApplicationShutdownHook","level":"INFO","level_value":20000}
{"timestamp":"2023-02-21T09:08:11.685+07:00","version":"1","msg":"HikariPool-3 - Shutdown initiated...","logger":"com.zaxxer.hikari.HikariDataSource","thread":"SpringApplicationShutdownHook","level":"INFO","level_value":20000}
{"timestamp":"2023-02-21T09:08:11.686+07:00","version":"1","msg":"HikariPool-3 - Shutdown completed.","logger":"com.zaxxer.hikari.HikariDataSource","thread":"SpringApplicationShutdownHook","level":"INFO","level_value":20000}
{"timestamp":"2023-02-21T09:08:11.687+07:00","version":"1","msg":"HikariPool-2 - Shutdown initiated...","logger":"com.zaxxer.hikari.HikariDataSource","thread":"SpringApplicationShutdownHook","level":"INFO","level_value":20000}
{"timestamp":"2023-02-21T09:08:11.688+07:00","version":"1","msg":"HikariPool-2 - Shutdown completed.","logger":"com.zaxxer.hikari.HikariDataSource","thread":"SpringApplicationShutdownHook","level":"INFO","level_value":20000}
{"timestamp":"2023-02-21T09:08:11.688+07:00","version":"1","msg":"HikariPool-1 - Shutdown initiated...","logger":"com.zaxxer.hikari.HikariDataSource","thread":"SpringApplicationShutdownHook","level":"INFO","level_value":20000}
{"timestamp":"2023-02-21T09:08:11.689+07:00","version":"1","msg":"HikariPool-1 - Shutdown completed.","logger":"com.zaxxer.hikari.HikariDataSource","thread":"SpringApplicationShutdownHook","level":"INFO","level_value":20000}
