{"timestamp":"2023-02-20T10:40:29.372+07:00","version":"1","msg":"Starting CronServiceApplicationTests using Java 17.0.6 with PID 9168 (started by Irvan Firiezky Bahri in C:\\Users\\user\\Projek-ERP\\erp-20230218\\erp\\cron-service)","logger":"id.cranium.erp.cron.cronservice.CronServiceApplicationTests","thread":"main","level":"INFO","level_value":20000}
{"timestamp":"2023-02-20T10:40:29.387+07:00","version":"1","msg":"Running with Spring Boot, Spring","logger":"id.cranium.erp.cron.cronservice.CronServiceApplicationTests","thread":"main","level":"DEBUG","level_value":10000}
{"timestamp":"2023-02-20T10:40:29.388+07:00","version":"1","msg":"The following 5 profiles are active: \"starter_test\", \"starterdto_test\", \"cron_test\", \"userdto_test\", \"masterdto_test\"","logger":"id.cranium.erp.cron.cronservice.CronServiceApplicationTests","thread":"main","level":"INFO","level_value":20000}
{"timestamp":"2023-02-20T10:40:30.484+07:00","version":"1","msg":"Bootstrapping Spring Data JPA repositories in DEFAULT mode.","logger":"org.springframework.data.repository.config.RepositoryConfigurationDelegate","thread":"main","level":"INFO","level_value":20000}
{"timestamp":"2023-02-20T10:40:30.53+07:00","version":"1","msg":"Finished Spring Data repository scanning in 37 ms. Found 0 JPA repository interfaces.","logger":"org.springframework.data.repository.config.RepositoryConfigurationDelegate","thread":"main","level":"INFO","level_value":20000}
{"timestamp":"2023-02-20T10:40:30.547+07:00","version":"1","msg":"Bootstrapping Spring Data JPA repositories in DEFAULT mode.","logger":"org.springframework.data.repository.config.RepositoryConfigurationDelegate","thread":"main","level":"INFO","level_value":20000}
{"timestamp":"2023-02-20T10:40:30.582+07:00","version":"1","msg":"Finished Spring Data repository scanning in 33 ms. Found 0 JPA repository interfaces.","logger":"org.springframework.data.repository.config.RepositoryConfigurationDelegate","thread":"main","level":"INFO","level_value":20000}
{"timestamp":"2023-02-20T10:40:30.584+07:00","version":"1","msg":"Bootstrapping Spring Data JPA repositories in DEFAULT mode.","logger":"org.springframework.data.repository.config.RepositoryConfigurationDelegate","thread":"main","level":"INFO","level_value":20000}
{"timestamp":"2023-02-20T10:40:30.618+07:00","version":"1","msg":"Finished Spring Data repository scanning in 31 ms. Found 0 JPA repository interfaces.","logger":"org.springframework.data.repository.config.RepositoryConfigurationDelegate","thread":"main","level":"INFO","level_value":20000}
{"timestamp":"2023-02-20T10:40:30.618+07:00","version":"1","msg":"Bootstrapping Spring Data JPA repositories in DEFAULT mode.","logger":"org.springframework.data.repository.config.RepositoryConfigurationDelegate","thread":"main","level":"INFO","level_value":20000}
{"timestamp":"2023-02-20T10:40:30.655+07:00","version":"1","msg":"Finished Spring Data repository scanning in 35 ms. Found 0 JPA repository interfaces.","logger":"org.springframework.data.repository.config.RepositoryConfigurationDelegate","thread":"main","level":"INFO","level_value":20000}
{"timestamp":"2023-02-20T10:40:31.198+07:00","version":"1","msg":"@Bean method CronTestConfiguration.cronCustomScopeConfigurer is non-static and returns an object assignable to Spring's BeanFactoryPostProcessor interface. This will result in a failure to process annotations such as @Autowired, @Resource and @PostConstruct within the method's declaring @Configuration class. Add the 'static' modifier to this method to avoid these container lifecycle issues; see @Bean javadoc for complete details.","logger":"org.springframework.context.annotation.ConfigurationClassEnhancer","thread":"main","level":"INFO","level_value":20000}
{"timestamp":"2023-02-20T10:40:31.994+07:00","version":"1","msg":"Tomcat initialized with port(s): 0 (http)","logger":"org.springframework.boot.web.embedded.tomcat.TomcatWebServer","thread":"main","level":"INFO","level_value":20000}
{"timestamp":"2023-02-20T10:40:32.003+07:00","version":"1","msg":"Initializing ProtocolHandler [\"http-nio-auto-1\"]","logger":"org.apache.coyote.http11.Http11NioProtocol","thread":"main","level":"INFO","level_value":20000}
{"timestamp":"2023-02-20T10:40:32.005+07:00","version":"1","msg":"Starting service [Tomcat]","logger":"org.apache.catalina.core.StandardService","thread":"main","level":"INFO","level_value":20000}
{"timestamp":"2023-02-20T10:40:32.006+07:00","version":"1","msg":"Starting Servlet engine: [Apache Tomcat/10.1.5]","logger":"org.apache.catalina.core.StandardEngine","thread":"main","level":"INFO","level_value":20000}
{"timestamp":"2023-02-20T10:40:32.111+07:00","version":"1","msg":"Initializing Spring embedded WebApplicationContext","logger":"org.apache.catalina.core.ContainerBase.[Tomcat].[localhost].[/]","thread":"main","level":"INFO","level_value":20000}
{"timestamp":"2023-02-20T10:40:32.119+07:00","version":"1","msg":"Root WebApplicationContext: initialization completed in 2470 ms","logger":"org.springframework.boot.web.servlet.context.ServletWebServerApplicationContext","thread":"main","level":"INFO","level_value":20000}
{"timestamp":"2023-02-20T10:40:32.197+07:00","version":"1","msg":"HikariPool-1 - Starting...","logger":"com.zaxxer.hikari.HikariDataSource","thread":"main","level":"INFO","level_value":20000}
{"timestamp":"2023-02-20T10:40:32.427+07:00","version":"1","msg":"HikariPool-1 - Added connection conn0: url=jdbc:h2:mem:cranium_erp user=SA","logger":"com.zaxxer.hikari.pool.HikariPool","thread":"main","level":"INFO","level_value":20000}
{"timestamp":"2023-02-20T10:40:32.431+07:00","version":"1","msg":"HikariPool-1 - Start completed.","logger":"com.zaxxer.hikari.HikariDataSource","thread":"main","level":"INFO","level_value":20000}
{"timestamp":"2023-02-20T10:40:32.446+07:00","version":"1","msg":"HikariPool-2 - Starting...","logger":"com.zaxxer.hikari.HikariDataSource","thread":"main","level":"INFO","level_value":20000}
{"timestamp":"2023-02-20T10:40:32.464+07:00","version":"1","msg":"HikariPool-2 - Added connection conn1: url=jdbc:h2:mem:cranium_erp_slave user=SA","logger":"com.zaxxer.hikari.pool.HikariPool","thread":"main","level":"INFO","level_value":20000}
{"timestamp":"2023-02-20T10:40:32.465+07:00","version":"1","msg":"HikariPool-2 - Start completed.","logger":"com.zaxxer.hikari.HikariDataSource","thread":"main","level":"INFO","level_value":20000}
{"timestamp":"2023-02-20T10:40:32.466+07:00","version":"1","msg":"HikariPool-3 - Starting...","logger":"com.zaxxer.hikari.HikariDataSource","thread":"main","level":"INFO","level_value":20000}
{"timestamp":"2023-02-20T10:40:32.468+07:00","version":"1","msg":"HikariPool-3 - Added connection conn2: url=jdbc:h2:mem:cranium_erp user=SA","logger":"com.zaxxer.hikari.pool.HikariPool","thread":"main","level":"INFO","level_value":20000}
{"timestamp":"2023-02-20T10:40:32.468+07:00","version":"1","msg":"HikariPool-3 - Start completed.","logger":"com.zaxxer.hikari.HikariDataSource","thread":"main","level":"INFO","level_value":20000}
{"timestamp":"2023-02-20T10:40:32.47+07:00","version":"1","msg":"HikariPool-4 - Starting...","logger":"com.zaxxer.hikari.HikariDataSource","thread":"main","level":"INFO","level_value":20000}
{"timestamp":"2023-02-20T10:40:32.472+07:00","version":"1","msg":"HikariPool-4 - Added connection conn3: url=jdbc:h2:mem:cranium_erp_slave user=SA","logger":"com.zaxxer.hikari.pool.HikariPool","thread":"main","level":"INFO","level_value":20000}
{"timestamp":"2023-02-20T10:40:32.473+07:00","version":"1","msg":"HikariPool-4 - Start completed.","logger":"com.zaxxer.hikari.HikariDataSource","thread":"main","level":"INFO","level_value":20000}
{"timestamp":"2023-02-20T10:40:32.474+07:00","version":"1","msg":"H2 console available at '/h2-console'. Databases available at 'jdbc:h2:mem:cranium_erp', 'jdbc:h2:mem:cranium_erp_slave', 'jdbc:h2:mem:cranium_erp', 'jdbc:h2:mem:cranium_erp_slave'","logger":"org.springframework.boot.autoconfigure.h2.H2ConsoleAutoConfiguration","thread":"main","level":"INFO","level_value":20000}
{"timestamp":"2023-02-20T10:40:32.538+07:00","version":"1","msg":"Filter 'correlationConfiguration' configured for use","logger":"id.cranium.erp.starter.configuration.CorrelationConfiguration","thread":"main","level":"DEBUG","level_value":10000}
{"timestamp":"2023-02-20T10:40:32.6+07:00","version":"1","msg":"Flyway Community Edition 9.5.1 by Redgate","logger":"org.flywaydb.core.internal.license.VersionPrinter","thread":"main","level":"INFO","level_value":20000}
{"timestamp":"2023-02-20T10:40:32.6+07:00","version":"1","msg":"See what's new here: https://flywaydb.org/documentation/learnmore/releaseNotes#9.5.1","logger":"org.flywaydb.core.internal.license.VersionPrinter","thread":"main","level":"INFO","level_value":20000}
{"timestamp":"2023-02-20T10:40:32.6+07:00","version":"1","msg":"","logger":"org.flywaydb.core.internal.license.VersionPrinter","thread":"main","level":"INFO","level_value":20000}
{"timestamp":"2023-02-20T10:40:32.622+07:00","version":"1","msg":"Database: jdbc:h2:mem:cranium_erp (H2 2.1)","logger":"org.flywaydb.core.internal.database.base.BaseDatabaseType","thread":"main","level":"INFO","level_value":20000}
{"timestamp":"2023-02-20T10:40:32.697+07:00","version":"1","msg":"Successfully validated 1 migration (execution time 00:00.025s)","logger":"org.flywaydb.core.internal.command.DbValidate","thread":"main","level":"INFO","level_value":20000}
{"timestamp":"2023-02-20T10:40:32.705+07:00","version":"1","msg":"Creating Schema History table \"cron\".\"flyway_schema_history\" ...","logger":"org.flywaydb.core.internal.schemahistory.JdbcTableSchemaHistory","thread":"main","level":"INFO","level_value":20000}
{"timestamp":"2023-02-20T10:40:32.733+07:00","version":"1","msg":"Current version of schema \"cron\": << Empty Schema >>","logger":"org.flywaydb.core.internal.command.DbMigrate","thread":"main","level":"INFO","level_value":20000}
{"timestamp":"2023-02-20T10:40:32.738+07:00","version":"1","msg":"Migrating schema \"cron\" to version \"1.0.0.0 - create cron schema\"","logger":"org.flywaydb.core.internal.command.DbMigrate","thread":"main","level":"INFO","level_value":20000}
{"timestamp":"2023-02-20T10:40:32.747+07:00","version":"1","msg":"Successfully applied 1 migration to schema \"cron\", now at version v1.0.0.0 (execution time 00:00.016s)","logger":"org.flywaydb.core.internal.command.DbMigrate","thread":"main","level":"INFO","level_value":20000}
{"timestamp":"2023-02-20T10:40:33.386+07:00","version":"1","msg":"HHH000400: Using dialect: org.hibernate.dialect.H2Dialect","logger":"SQL dialect","thread":"main","level":"INFO","level_value":20000}
{"timestamp":"2023-02-20T10:40:33.69+07:00","version":"1","msg":"Initialized JPA EntityManagerFactory for persistence unit 'default'","logger":"org.springframework.orm.jpa.LocalContainerEntityManagerFactoryBean","thread":"main","level":"INFO","level_value":20000}
{"timestamp":"2023-02-20T10:40:33.769+07:00","version":"1","msg":"HHH000400: Using dialect: org.hibernate.dialect.H2Dialect","logger":"SQL dialect","thread":"main","level":"INFO","level_value":20000}
{"timestamp":"2023-02-20T10:40:33.784+07:00","version":"1","msg":"Initialized JPA EntityManagerFactory for persistence unit 'default'","logger":"org.springframework.orm.jpa.LocalContainerEntityManagerFactoryBean","thread":"main","level":"INFO","level_value":20000}
{"timestamp":"2023-02-20T10:40:33.858+07:00","version":"1","msg":"HHH000400: Using dialect: org.hibernate.dialect.H2Dialect","logger":"SQL dialect","thread":"main","level":"INFO","level_value":20000}
{"timestamp":"2023-02-20T10:40:33.87+07:00","version":"1","msg":"Initialized JPA EntityManagerFactory for persistence unit 'default'","logger":"org.springframework.orm.jpa.LocalContainerEntityManagerFactoryBean","thread":"main","level":"INFO","level_value":20000}
{"timestamp":"2023-02-20T10:40:33.954+07:00","version":"1","msg":"HHH000400: Using dialect: org.hibernate.dialect.H2Dialect","logger":"SQL dialect","thread":"main","level":"INFO","level_value":20000}
{"timestamp":"2023-02-20T10:40:33.966+07:00","version":"1","msg":"Initialized JPA EntityManagerFactory for persistence unit 'default'","logger":"org.springframework.orm.jpa.LocalContainerEntityManagerFactoryBean","thread":"main","level":"INFO","level_value":20000}
{"timestamp":"2023-02-20T10:40:34.675+07:00","version":"1","msg":"spring.jpa.open-in-view is enabled by default. Therefore, database queries may be performed during view rendering. Explicitly configure spring.jpa.open-in-view to disable this warning","logger":"org.springframework.boot.autoconfigure.orm.jpa.JpaBaseConfiguration$JpaWebConfiguration","thread":"main","level":"WARN","level_value":30000}
{"timestamp":"2023-02-20T10:40:34.805+07:00","version":"1","msg":"Successfully validated 1 migration (execution time 00:00.002s)","logger":"org.flywaydb.core.internal.command.DbValidate","thread":"main","level":"INFO","level_value":20000}
{"timestamp":"2023-02-20T10:40:34.807+07:00","version":"1","msg":"Current version of schema \"cron\": 1.0.0.0","logger":"org.flywaydb.core.internal.command.DbMigrate","thread":"main","level":"INFO","level_value":20000}
{"timestamp":"2023-02-20T10:40:34.808+07:00","version":"1","msg":"Schema \"cron\" is up to date. No migration necessary.","logger":"org.flywaydb.core.internal.command.DbMigrate","thread":"main","level":"INFO","level_value":20000}
{"timestamp":"2023-02-20T10:40:35.215+07:00","version":"1","msg":"\r\n\r\nUsing generated security password: 1219a045-12fc-4d07-961a-b75b01a884e7\r\n\r\nThis generated password is for development use only. Your security configuration must be updated before running your application in production.\r\n","logger":"org.springframework.boot.autoconfigure.security.servlet.UserDetailsServiceAutoConfiguration","thread":"main","level":"WARN","level_value":30000}
{"timestamp":"2023-02-20T10:40:35.312+07:00","version":"1","msg":"Will secure any request with [org.springframework.security.web.session.DisableEncodeUrlFilter@7e762feb, org.springframework.security.web.context.request.async.WebAsyncManagerIntegrationFilter@911a6cd, org.springframework.security.web.context.SecurityContextHolderFilter@1278c48f, org.springframework.security.web.header.HeaderWriterFilter@3f698ab8, org.springframework.security.web.csrf.CsrfFilter@627ed93a, org.springframework.security.web.authentication.logout.LogoutFilter@13ea4f97, org.springframework.security.web.authentication.UsernamePasswordAuthenticationFilter@7f218b0c, org.springframework.security.web.authentication.ui.DefaultLoginPageGeneratingFilter@718fb7a2, org.springframework.security.web.authentication.ui.DefaultLogoutPageGeneratingFilter@360c25f, org.springframework.security.web.authentication.www.BasicAuthenticationFilter@790e6eae, org.springframework.security.web.savedrequest.RequestCacheAwareFilter@716d4283, org.springframework.security.web.servletapi.SecurityContextHolderAwareRequestFilter@f905f3e, org.springframework.security.web.authentication.AnonymousAuthenticationFilter@6ac4f76a, org.springframework.security.web.access.ExceptionTranslationFilter@5baa759a, org.springframework.security.web.access.intercept.AuthorizationFilter@9c53820]","logger":"org.springframework.security.web.DefaultSecurityFilterChain","thread":"main","level":"INFO","level_value":20000}
{"timestamp":"2023-02-20T10:40:35.376+07:00","version":"1","msg":"Starting ProtocolHandler [\"http-nio-auto-1\"]","logger":"org.apache.coyote.http11.Http11NioProtocol","thread":"main","level":"INFO","level_value":20000}
{"timestamp":"2023-02-20T10:40:35.407+07:00","version":"1","msg":"Tomcat started on port(s): 49955 (http) with context path ''","logger":"org.springframework.boot.web.embedded.tomcat.TomcatWebServer","thread":"main","level":"INFO","level_value":20000}
{"timestamp":"2023-02-20T10:40:35.425+07:00","version":"1","msg":"Started CronServiceApplicationTests in 6.65 seconds (process running for 8.056)","logger":"id.cranium.erp.cron.cronservice.CronServiceApplicationTests","thread":"main","level":"INFO","level_value":20000}
{"timestamp":"2023-02-20T10:40:35.842+07:00","version":"1","msg":"Closing JPA EntityManagerFactory for persistence unit 'default'","logger":"org.springframework.orm.jpa.LocalContainerEntityManagerFactoryBean","thread":"SpringApplicationShutdownHook","level":"INFO","level_value":20000}
{"timestamp":"2023-02-20T10:40:35.844+07:00","version":"1","msg":"Closing JPA EntityManagerFactory for persistence unit 'default'","logger":"org.springframework.orm.jpa.LocalContainerEntityManagerFactoryBean","thread":"SpringApplicationShutdownHook","level":"INFO","level_value":20000}
{"timestamp":"2023-02-20T10:40:35.844+07:00","version":"1","msg":"Closing JPA EntityManagerFactory for persistence unit 'default'","logger":"org.springframework.orm.jpa.LocalContainerEntityManagerFactoryBean","thread":"SpringApplicationShutdownHook","level":"INFO","level_value":20000}
{"timestamp":"2023-02-20T10:40:35.845+07:00","version":"1","msg":"Closing JPA EntityManagerFactory for persistence unit 'default'","logger":"org.springframework.orm.jpa.LocalContainerEntityManagerFactoryBean","thread":"SpringApplicationShutdownHook","level":"INFO","level_value":20000}
{"timestamp":"2023-02-20T10:40:35.845+07:00","version":"1","msg":"HikariPool-4 - Shutdown initiated...","logger":"com.zaxxer.hikari.HikariDataSource","thread":"SpringApplicationShutdownHook","level":"INFO","level_value":20000}
{"timestamp":"2023-02-20T10:40:35.859+07:00","version":"1","msg":"HikariPool-4 - Shutdown completed.","logger":"com.zaxxer.hikari.HikariDataSource","thread":"SpringApplicationShutdownHook","level":"INFO","level_value":20000}
{"timestamp":"2023-02-20T10:40:35.86+07:00","version":"1","msg":"HikariPool-3 - Shutdown initiated...","logger":"com.zaxxer.hikari.HikariDataSource","thread":"SpringApplicationShutdownHook","level":"INFO","level_value":20000}
{"timestamp":"2023-02-20T10:40:35.862+07:00","version":"1","msg":"HikariPool-3 - Shutdown completed.","logger":"com.zaxxer.hikari.HikariDataSource","thread":"SpringApplicationShutdownHook","level":"INFO","level_value":20000}
{"timestamp":"2023-02-20T10:40:35.862+07:00","version":"1","msg":"HikariPool-2 - Shutdown initiated...","logger":"com.zaxxer.hikari.HikariDataSource","thread":"SpringApplicationShutdownHook","level":"INFO","level_value":20000}
{"timestamp":"2023-02-20T10:40:35.863+07:00","version":"1","msg":"HikariPool-2 - Shutdown completed.","logger":"com.zaxxer.hikari.HikariDataSource","thread":"SpringApplicationShutdownHook","level":"INFO","level_value":20000}
{"timestamp":"2023-02-20T10:40:35.864+07:00","version":"1","msg":"HikariPool-1 - Shutdown initiated...","logger":"com.zaxxer.hikari.HikariDataSource","thread":"SpringApplicationShutdownHook","level":"INFO","level_value":20000}
{"timestamp":"2023-02-20T10:40:35.864+07:00","version":"1","msg":"HikariPool-1 - Shutdown completed.","logger":"com.zaxxer.hikari.HikariDataSource","thread":"SpringApplicationShutdownHook","level":"INFO","level_value":20000}
{"timestamp":"2023-02-20T10:43:57.194+07:00","version":"1","msg":"Starting CronServiceApplicationTests using Java 17.0.6 with PID 22464 (started by Irvan Firiezky Bahri in C:\\Users\\user\\Projek-ERP\\erp-20230218\\erp\\cron-service)","logger":"id.cranium.erp.cron.cronservice.CronServiceApplicationTests","thread":"main","level":"INFO","level_value":20000}
{"timestamp":"2023-02-20T10:43:57.206+07:00","version":"1","msg":"Running with Spring Boot, Spring","logger":"id.cranium.erp.cron.cronservice.CronServiceApplicationTests","thread":"main","level":"DEBUG","level_value":10000}
{"timestamp":"2023-02-20T10:43:57.207+07:00","version":"1","msg":"The following 5 profiles are active: \"starter_test\", \"starterdto_test\", \"cron_test\", \"userdto_test\", \"masterdto_test\"","logger":"id.cranium.erp.cron.cronservice.CronServiceApplicationTests","thread":"main","level":"INFO","level_value":20000}
{"timestamp":"2023-02-20T10:43:58.352+07:00","version":"1","msg":"Bootstrapping Spring Data JPA repositories in DEFAULT mode.","logger":"org.springframework.data.repository.config.RepositoryConfigurationDelegate","thread":"main","level":"INFO","level_value":20000}
{"timestamp":"2023-02-20T10:43:58.403+07:00","version":"1","msg":"Finished Spring Data repository scanning in 37 ms. Found 0 JPA repository interfaces.","logger":"org.springframework.data.repository.config.RepositoryConfigurationDelegate","thread":"main","level":"INFO","level_value":20000}
{"timestamp":"2023-02-20T10:43:58.408+07:00","version":"1","msg":"Bootstrapping Spring Data JPA repositories in DEFAULT mode.","logger":"org.springframework.data.repository.config.RepositoryConfigurationDelegate","thread":"main","level":"INFO","level_value":20000}
{"timestamp":"2023-02-20T10:43:58.444+07:00","version":"1","msg":"Finished Spring Data repository scanning in 34 ms. Found 0 JPA repository interfaces.","logger":"org.springframework.data.repository.config.RepositoryConfigurationDelegate","thread":"main","level":"INFO","level_value":20000}
{"timestamp":"2023-02-20T10:43:58.448+07:00","version":"1","msg":"Bootstrapping Spring Data JPA repositories in DEFAULT mode.","logger":"org.springframework.data.repository.config.RepositoryConfigurationDelegate","thread":"main","level":"INFO","level_value":20000}
{"timestamp":"2023-02-20T10:43:58.476+07:00","version":"1","msg":"Finished Spring Data repository scanning in 27 ms. Found 0 JPA repository interfaces.","logger":"org.springframework.data.repository.config.RepositoryConfigurationDelegate","thread":"main","level":"INFO","level_value":20000}
{"timestamp":"2023-02-20T10:43:58.485+07:00","version":"1","msg":"Bootstrapping Spring Data JPA repositories in DEFAULT mode.","logger":"org.springframework.data.repository.config.RepositoryConfigurationDelegate","thread":"main","level":"INFO","level_value":20000}
{"timestamp":"2023-02-20T10:43:58.513+07:00","version":"1","msg":"Finished Spring Data repository scanning in 28 ms. Found 0 JPA repository interfaces.","logger":"org.springframework.data.repository.config.RepositoryConfigurationDelegate","thread":"main","level":"INFO","level_value":20000}
{"timestamp":"2023-02-20T10:43:59.035+07:00","version":"1","msg":"@Bean method CronTestConfiguration.cronCustomScopeConfigurer is non-static and returns an object assignable to Spring's BeanFactoryPostProcessor interface. This will result in a failure to process annotations such as @Autowired, @Resource and @PostConstruct within the method's declaring @Configuration class. Add the 'static' modifier to this method to avoid these container lifecycle issues; see @Bean javadoc for complete details.","logger":"org.springframework.context.annotation.ConfigurationClassEnhancer","thread":"main","level":"INFO","level_value":20000}
{"timestamp":"2023-02-20T10:43:59.786+07:00","version":"1","msg":"Tomcat initialized with port(s): 0 (http)","logger":"org.springframework.boot.web.embedded.tomcat.TomcatWebServer","thread":"main","level":"INFO","level_value":20000}
{"timestamp":"2023-02-20T10:43:59.796+07:00","version":"1","msg":"Initializing ProtocolHandler [\"http-nio-auto-1\"]","logger":"org.apache.coyote.http11.Http11NioProtocol","thread":"main","level":"INFO","level_value":20000}
{"timestamp":"2023-02-20T10:43:59.798+07:00","version":"1","msg":"Starting service [Tomcat]","logger":"org.apache.catalina.core.StandardService","thread":"main","level":"INFO","level_value":20000}
{"timestamp":"2023-02-20T10:43:59.798+07:00","version":"1","msg":"Starting Servlet engine: [Apache Tomcat/10.1.5]","logger":"org.apache.catalina.core.StandardEngine","thread":"main","level":"INFO","level_value":20000}
{"timestamp":"2023-02-20T10:43:59.917+07:00","version":"1","msg":"Initializing Spring embedded WebApplicationContext","logger":"org.apache.catalina.core.ContainerBase.[Tomcat].[localhost].[/]","thread":"main","level":"INFO","level_value":20000}
{"timestamp":"2023-02-20T10:43:59.92+07:00","version":"1","msg":"Root WebApplicationContext: initialization completed in 2449 ms","logger":"org.springframework.boot.web.servlet.context.ServletWebServerApplicationContext","thread":"main","level":"INFO","level_value":20000}
{"timestamp":"2023-02-20T10:44:00+07:00","version":"1","msg":"HikariPool-1 - Starting...","logger":"com.zaxxer.hikari.HikariDataSource","thread":"main","level":"INFO","level_value":20000}
{"timestamp":"2023-02-20T10:44:00.244+07:00","version":"1","msg":"HikariPool-1 - Added connection conn0: url=jdbc:h2:mem:cranium_erp user=SA","logger":"com.zaxxer.hikari.pool.HikariPool","thread":"main","level":"INFO","level_value":20000}
{"timestamp":"2023-02-20T10:44:00.248+07:00","version":"1","msg":"HikariPool-1 - Start completed.","logger":"com.zaxxer.hikari.HikariDataSource","thread":"main","level":"INFO","level_value":20000}
{"timestamp":"2023-02-20T10:44:00.262+07:00","version":"1","msg":"HikariPool-2 - Starting...","logger":"com.zaxxer.hikari.HikariDataSource","thread":"main","level":"INFO","level_value":20000}
{"timestamp":"2023-02-20T10:44:00.266+07:00","version":"1","msg":"HikariPool-2 - Added connection conn1: url=jdbc:h2:mem:cranium_erp_slave user=SA","logger":"com.zaxxer.hikari.pool.HikariPool","thread":"main","level":"INFO","level_value":20000}
{"timestamp":"2023-02-20T10:44:00.266+07:00","version":"1","msg":"HikariPool-2 - Start completed.","logger":"com.zaxxer.hikari.HikariDataSource","thread":"main","level":"INFO","level_value":20000}
{"timestamp":"2023-02-20T10:44:00.267+07:00","version":"1","msg":"HikariPool-3 - Starting...","logger":"com.zaxxer.hikari.HikariDataSource","thread":"main","level":"INFO","level_value":20000}
{"timestamp":"2023-02-20T10:44:00.269+07:00","version":"1","msg":"HikariPool-3 - Added connection conn2: url=jdbc:h2:mem:cranium_erp user=SA","logger":"com.zaxxer.hikari.pool.HikariPool","thread":"main","level":"INFO","level_value":20000}
{"timestamp":"2023-02-20T10:44:00.27+07:00","version":"1","msg":"HikariPool-3 - Start completed.","logger":"com.zaxxer.hikari.HikariDataSource","thread":"main","level":"INFO","level_value":20000}
{"timestamp":"2023-02-20T10:44:00.27+07:00","version":"1","msg":"HikariPool-4 - Starting...","logger":"com.zaxxer.hikari.HikariDataSource","thread":"main","level":"INFO","level_value":20000}
{"timestamp":"2023-02-20T10:44:00.273+07:00","version":"1","msg":"HikariPool-4 - Added connection conn3: url=jdbc:h2:mem:cranium_erp_slave user=SA","logger":"com.zaxxer.hikari.pool.HikariPool","thread":"main","level":"INFO","level_value":20000}
{"timestamp":"2023-02-20T10:44:00.274+07:00","version":"1","msg":"HikariPool-4 - Start completed.","logger":"com.zaxxer.hikari.HikariDataSource","thread":"main","level":"INFO","level_value":20000}
{"timestamp":"2023-02-20T10:44:00.275+07:00","version":"1","msg":"H2 console available at '/h2-console'. Databases available at 'jdbc:h2:mem:cranium_erp', 'jdbc:h2:mem:cranium_erp_slave', 'jdbc:h2:mem:cranium_erp', 'jdbc:h2:mem:cranium_erp_slave'","logger":"org.springframework.boot.autoconfigure.h2.H2ConsoleAutoConfiguration","thread":"main","level":"INFO","level_value":20000}
{"timestamp":"2023-02-20T10:44:00.344+07:00","version":"1","msg":"Filter 'correlationConfiguration' configured for use","logger":"id.cranium.erp.starter.configuration.CorrelationConfiguration","thread":"main","level":"DEBUG","level_value":10000}
{"timestamp":"2023-02-20T10:44:00.398+07:00","version":"1","msg":"Flyway Community Edition 9.5.1 by Redgate","logger":"org.flywaydb.core.internal.license.VersionPrinter","thread":"main","level":"INFO","level_value":20000}
{"timestamp":"2023-02-20T10:44:00.398+07:00","version":"1","msg":"See what's new here: https://flywaydb.org/documentation/learnmore/releaseNotes#9.5.1","logger":"org.flywaydb.core.internal.license.VersionPrinter","thread":"main","level":"INFO","level_value":20000}
{"timestamp":"2023-02-20T10:44:00.399+07:00","version":"1","msg":"","logger":"org.flywaydb.core.internal.license.VersionPrinter","thread":"main","level":"INFO","level_value":20000}
{"timestamp":"2023-02-20T10:44:00.414+07:00","version":"1","msg":"Database: jdbc:h2:mem:cranium_erp (H2 2.1)","logger":"org.flywaydb.core.internal.database.base.BaseDatabaseType","thread":"main","level":"INFO","level_value":20000}
{"timestamp":"2023-02-20T10:44:00.49+07:00","version":"1","msg":"Successfully validated 1 migration (execution time 00:00.012s)","logger":"org.flywaydb.core.internal.command.DbValidate","thread":"main","level":"INFO","level_value":20000}
{"timestamp":"2023-02-20T10:44:00.506+07:00","version":"1","msg":"Creating Schema History table \"cron\".\"flyway_schema_history\" ...","logger":"org.flywaydb.core.internal.schemahistory.JdbcTableSchemaHistory","thread":"main","level":"INFO","level_value":20000}
{"timestamp":"2023-02-20T10:44:00.533+07:00","version":"1","msg":"Current version of schema \"cron\": << Empty Schema >>","logger":"org.flywaydb.core.internal.command.DbMigrate","thread":"main","level":"INFO","level_value":20000}
{"timestamp":"2023-02-20T10:44:00.539+07:00","version":"1","msg":"Migrating schema \"cron\" to version \"1.0.0.0 - create cron schema\"","logger":"org.flywaydb.core.internal.command.DbMigrate","thread":"main","level":"INFO","level_value":20000}
{"timestamp":"2023-02-20T10:44:00.55+07:00","version":"1","msg":"Successfully applied 1 migration to schema \"cron\", now at version v1.0.0.0 (execution time 00:00.019s)","logger":"org.flywaydb.core.internal.command.DbMigrate","thread":"main","level":"INFO","level_value":20000}
{"timestamp":"2023-02-20T10:44:01.14+07:00","version":"1","msg":"HHH000400: Using dialect: org.hibernate.dialect.H2Dialect","logger":"SQL dialect","thread":"main","level":"INFO","level_value":20000}
{"timestamp":"2023-02-20T10:44:01.455+07:00","version":"1","msg":"Initialized JPA EntityManagerFactory for persistence unit 'default'","logger":"org.springframework.orm.jpa.LocalContainerEntityManagerFactoryBean","thread":"main","level":"INFO","level_value":20000}
{"timestamp":"2023-02-20T10:44:01.532+07:00","version":"1","msg":"HHH000400: Using dialect: org.hibernate.dialect.H2Dialect","logger":"SQL dialect","thread":"main","level":"INFO","level_value":20000}
{"timestamp":"2023-02-20T10:44:01.549+07:00","version":"1","msg":"Initialized JPA EntityManagerFactory for persistence unit 'default'","logger":"org.springframework.orm.jpa.LocalContainerEntityManagerFactoryBean","thread":"main","level":"INFO","level_value":20000}
{"timestamp":"2023-02-20T10:44:01.613+07:00","version":"1","msg":"HHH000400: Using dialect: org.hibernate.dialect.H2Dialect","logger":"SQL dialect","thread":"main","level":"INFO","level_value":20000}
{"timestamp":"2023-02-20T10:44:01.625+07:00","version":"1","msg":"Initialized JPA EntityManagerFactory for persistence unit 'default'","logger":"org.springframework.orm.jpa.LocalContainerEntityManagerFactoryBean","thread":"main","level":"INFO","level_value":20000}
{"timestamp":"2023-02-20T10:44:01.694+07:00","version":"1","msg":"HHH000400: Using dialect: org.hibernate.dialect.H2Dialect","logger":"SQL dialect","thread":"main","level":"INFO","level_value":20000}
{"timestamp":"2023-02-20T10:44:01.707+07:00","version":"1","msg":"Initialized JPA EntityManagerFactory for persistence unit 'default'","logger":"org.springframework.orm.jpa.LocalContainerEntityManagerFactoryBean","thread":"main","level":"INFO","level_value":20000}
{"timestamp":"2023-02-20T10:44:02.237+07:00","version":"1","msg":"Successfully validated 1 migration (execution time 00:00.002s)","logger":"org.flywaydb.core.internal.command.DbValidate","thread":"main","level":"INFO","level_value":20000}
{"timestamp":"2023-02-20T10:44:02.239+07:00","version":"1","msg":"Current version of schema \"cron\": 1.0.0.0","logger":"org.flywaydb.core.internal.command.DbMigrate","thread":"main","level":"INFO","level_value":20000}
{"timestamp":"2023-02-20T10:44:02.239+07:00","version":"1","msg":"Schema \"cron\" is up to date. No migration necessary.","logger":"org.flywaydb.core.internal.command.DbMigrate","thread":"main","level":"INFO","level_value":20000}
{"timestamp":"2023-02-20T10:44:02.499+07:00","version":"1","msg":"spring.jpa.open-in-view is enabled by default. Therefore, database queries may be performed during view rendering. Explicitly configure spring.jpa.open-in-view to disable this warning","logger":"org.springframework.boot.autoconfigure.orm.jpa.JpaBaseConfiguration$JpaWebConfiguration","thread":"main","level":"WARN","level_value":30000}
{"timestamp":"2023-02-20T10:44:03.003+07:00","version":"1","msg":"\r\n\r\nUsing generated security password: e95428ad-b6b2-4c84-8264-02b19e5219c3\r\n\r\nThis generated password is for development use only. Your security configuration must be updated before running your application in production.\r\n","logger":"org.springframework.boot.autoconfigure.security.servlet.UserDetailsServiceAutoConfiguration","thread":"main","level":"WARN","level_value":30000}
{"timestamp":"2023-02-20T10:44:03.117+07:00","version":"1","msg":"Will secure any request with [org.springframework.security.web.session.DisableEncodeUrlFilter@5872376d, org.springframework.security.web.context.request.async.WebAsyncManagerIntegrationFilter@7231547f, org.springframework.security.web.context.SecurityContextHolderFilter@1c16b2f7, org.springframework.security.web.header.HeaderWriterFilter@14726e69, org.springframework.security.web.csrf.CsrfFilter@4896f287, org.springframework.security.web.authentication.logout.LogoutFilter@10de92aa, org.springframework.security.web.authentication.UsernamePasswordAuthenticationFilter@7094f0ae, org.springframework.security.web.authentication.ui.DefaultLoginPageGeneratingFilter@6fd14e7c, org.springframework.security.web.authentication.ui.DefaultLogoutPageGeneratingFilter@67d8e3b0, org.springframework.security.web.authentication.www.BasicAuthenticationFilter@24d6355c, org.springframework.security.web.savedrequest.RequestCacheAwareFilter@16f453c9, org.springframework.security.web.servletapi.SecurityContextHolderAwareRequestFilter@73c7a727, org.springframework.security.web.authentication.AnonymousAuthenticationFilter@293af2f1, org.springframework.security.web.access.ExceptionTranslationFilter@1c1082d9, org.springframework.security.web.access.intercept.AuthorizationFilter@e937569]","logger":"org.springframework.security.web.DefaultSecurityFilterChain","thread":"main","level":"INFO","level_value":20000}
{"timestamp":"2023-02-20T10:44:03.182+07:00","version":"1","msg":"Starting ProtocolHandler [\"http-nio-auto-1\"]","logger":"org.apache.coyote.http11.Http11NioProtocol","thread":"main","level":"INFO","level_value":20000}
{"timestamp":"2023-02-20T10:44:03.215+07:00","version":"1","msg":"Tomcat started on port(s): 56033 (http) with context path ''","logger":"org.springframework.boot.web.embedded.tomcat.TomcatWebServer","thread":"main","level":"INFO","level_value":20000}
{"timestamp":"2023-02-20T10:44:03.228+07:00","version":"1","msg":"Started CronServiceApplicationTests in 6.6 seconds (process running for 7.982)","logger":"id.cranium.erp.cron.cronservice.CronServiceApplicationTests","thread":"main","level":"INFO","level_value":20000}
{"timestamp":"2023-02-20T10:44:03.65+07:00","version":"1","msg":"Closing JPA EntityManagerFactory for persistence unit 'default'","logger":"org.springframework.orm.jpa.LocalContainerEntityManagerFactoryBean","thread":"SpringApplicationShutdownHook","level":"INFO","level_value":20000}
{"timestamp":"2023-02-20T10:44:03.65+07:00","version":"1","msg":"Closing JPA EntityManagerFactory for persistence unit 'default'","logger":"org.springframework.orm.jpa.LocalContainerEntityManagerFactoryBean","thread":"SpringApplicationShutdownHook","level":"INFO","level_value":20000}
{"timestamp":"2023-02-20T10:44:03.651+07:00","version":"1","msg":"Closing JPA EntityManagerFactory for persistence unit 'default'","logger":"org.springframework.orm.jpa.LocalContainerEntityManagerFactoryBean","thread":"SpringApplicationShutdownHook","level":"INFO","level_value":20000}
{"timestamp":"2023-02-20T10:44:03.651+07:00","version":"1","msg":"Closing JPA EntityManagerFactory for persistence unit 'default'","logger":"org.springframework.orm.jpa.LocalContainerEntityManagerFactoryBean","thread":"SpringApplicationShutdownHook","level":"INFO","level_value":20000}
{"timestamp":"2023-02-20T10:44:03.652+07:00","version":"1","msg":"HikariPool-4 - Shutdown initiated...","logger":"com.zaxxer.hikari.HikariDataSource","thread":"SpringApplicationShutdownHook","level":"INFO","level_value":20000}
{"timestamp":"2023-02-20T10:44:03.654+07:00","version":"1","msg":"HikariPool-4 - Shutdown completed.","logger":"com.zaxxer.hikari.HikariDataSource","thread":"SpringApplicationShutdownHook","level":"INFO","level_value":20000}
{"timestamp":"2023-02-20T10:44:03.656+07:00","version":"1","msg":"HikariPool-3 - Shutdown initiated...","logger":"com.zaxxer.hikari.HikariDataSource","thread":"SpringApplicationShutdownHook","level":"INFO","level_value":20000}
{"timestamp":"2023-02-20T10:44:03.657+07:00","version":"1","msg":"HikariPool-3 - Shutdown completed.","logger":"com.zaxxer.hikari.HikariDataSource","thread":"SpringApplicationShutdownHook","level":"INFO","level_value":20000}
{"timestamp":"2023-02-20T10:44:03.657+07:00","version":"1","msg":"HikariPool-2 - Shutdown initiated...","logger":"com.zaxxer.hikari.HikariDataSource","thread":"SpringApplicationShutdownHook","level":"INFO","level_value":20000}
{"timestamp":"2023-02-20T10:44:03.658+07:00","version":"1","msg":"HikariPool-2 - Shutdown completed.","logger":"com.zaxxer.hikari.HikariDataSource","thread":"SpringApplicationShutdownHook","level":"INFO","level_value":20000}
{"timestamp":"2023-02-20T10:44:03.658+07:00","version":"1","msg":"HikariPool-1 - Shutdown initiated...","logger":"com.zaxxer.hikari.HikariDataSource","thread":"SpringApplicationShutdownHook","level":"INFO","level_value":20000}
{"timestamp":"2023-02-20T10:44:03.659+07:00","version":"1","msg":"HikariPool-1 - Shutdown completed.","logger":"com.zaxxer.hikari.HikariDataSource","thread":"SpringApplicationShutdownHook","level":"INFO","level_value":20000}
