{"timestamp":"2023-02-21T09:08:58.071+07:00","version":"1","msg":"Starting StarterAuthWebClientTest using Java 17.0.6 with PID 11200 (started by Irvan Firiezky Bahri in C:\\Users\\user\\Projek-ERP\\erp-20230218\\erp\\starter-service)","logger":"id.cranium.erp.starter.client.auth.StarterAuthWebClientTest","thread":"main","level":"INFO","level_value":20000}
{"timestamp":"2023-02-21T09:08:58.081+07:00","version":"1","msg":"Running with Spring Boot, Spring","logger":"id.cranium.erp.starter.client.auth.StarterAuthWebClientTest","thread":"main","level":"DEBUG","level_value":10000}
{"timestamp":"2023-02-21T09:08:58.082+07:00","version":"1","msg":"The following 2 profiles are active: \"starter_test\", \"starterdto_test\"","logger":"id.cranium.erp.starter.client.auth.StarterAuthWebClientTest","thread":"main","level":"INFO","level_value":20000}
{"timestamp":"2023-02-21T09:08:58.853+07:00","version":"1","msg":"Bootstrapping Spring Data JPA repositories in DEFAULT mode.","logger":"org.springframework.data.repository.config.RepositoryConfigurationDelegate","thread":"main","level":"INFO","level_value":20000}
{"timestamp":"2023-02-21T09:08:58.901+07:00","version":"1","msg":"Finished Spring Data repository scanning in 37 ms. Found 0 JPA repository interfaces.","logger":"org.springframework.data.repository.config.RepositoryConfigurationDelegate","thread":"main","level":"INFO","level_value":20000}
{"timestamp":"2023-02-21T09:08:58.91+07:00","version":"1","msg":"Bootstrapping Spring Data JPA repositories in DEFAULT mode.","logger":"org.springframework.data.repository.config.RepositoryConfigurationDelegate","thread":"main","level":"INFO","level_value":20000}
{"timestamp":"2023-02-21T09:08:58.942+07:00","version":"1","msg":"Finished Spring Data repository scanning in 31 ms. Found 0 JPA repository interfaces.","logger":"org.springframework.data.repository.config.RepositoryConfigurationDelegate","thread":"main","level":"INFO","level_value":20000}
{"timestamp":"2023-02-21T09:08:59.383+07:00","version":"1","msg":"@Bean method StarterTestConfiguration.starterCustomScopeConfigurer is non-static and returns an object assignable to Spring's BeanFactoryPostProcessor interface. This will result in a failure to process annotations such as @Autowired, @Resource and @PostConstruct within the method's declaring @Configuration class. Add the 'static' modifier to this method to avoid these container lifecycle issues; see @Bean javadoc for complete details.","logger":"org.springframework.context.annotation.ConfigurationClassEnhancer","thread":"main","level":"INFO","level_value":20000}
{"timestamp":"2023-02-21T09:08:59.703+07:00","version":"1","msg":"Bean 'org.springframework.cloud.contract.stubrunner.spring.StubRunnerConfiguration' of type [org.springframework.cloud.contract.stubrunner.spring.StubRunnerConfiguration] is not eligible for getting processed by all BeanPostProcessors (for example: not eligible for auto-proxying)","logger":"org.springframework.context.support.PostProcessorRegistrationDelegate$BeanPostProcessorChecker","thread":"main","level":"INFO","level_value":20000}
{"timestamp":"2023-02-21T09:08:59.722+07:00","version":"1","msg":"Bean 'stubrunner-org.springframework.cloud.contract.stubrunner.spring.StubRunnerProperties' of type [org.springframework.cloud.contract.stubrunner.spring.StubRunnerProperties] is not eligible for getting processed by all BeanPostProcessors (for example: not eligible for auto-proxying)","logger":"org.springframework.context.support.PostProcessorRegistrationDelegate$BeanPostProcessorChecker","thread":"main","level":"INFO","level_value":20000}
{"timestamp":"2023-02-21T09:08:59.732+07:00","version":"1","msg":"Will download stubs and contracts via Aether","logger":"org.springframework.cloud.contract.stubrunner.AetherStubDownloaderBuilder","thread":"main","level":"INFO","level_value":20000}
{"timestamp":"2023-02-21T09:08:59.761+07:00","version":"1","msg":"Remote repos not passed but the switch to work offline was set. Stubs will be used from your local Maven repository.","logger":"org.springframework.cloud.contract.stubrunner.AetherStubDownloader","thread":"main","level":"INFO","level_value":20000}
{"timestamp":"2023-02-21T09:08:59.827+07:00","version":"1","msg":"Desired version is [+] - will try to resolve the latest version","logger":"org.springframework.cloud.contract.stubrunner.AetherStubDownloader","thread":"main","level":"INFO","level_value":20000}
{"timestamp":"2023-02-21T09:08:59.839+07:00","version":"1","msg":"Resolved version is [0.0.1-SNAPSHOT]","logger":"org.springframework.cloud.contract.stubrunner.AetherStubDownloader","thread":"main","level":"INFO","level_value":20000}
{"timestamp":"2023-02-21T09:08:59.845+07:00","version":"1","msg":"Resolved artifact [id.cranium.erp.user:user-service:jar:stubs:0.0.1-SNAPSHOT] to C:\\Users\\user\\.m2\\repository\\id\\cranium\\erp\\user\\user-service\\0.0.1-SNAPSHOT\\user-service-0.0.1-SNAPSHOT-stubs.jar","logger":"org.springframework.cloud.contract.stubrunner.AetherStubDownloader","thread":"main","level":"INFO","level_value":20000}
{"timestamp":"2023-02-21T09:08:59.848+07:00","version":"1","msg":"Unpacking stub from JAR [URI: file:/C:/Users/user/.m2/repository/id/cranium/erp/user/user-service/0.0.1-SNAPSHOT/user-service-0.0.1-SNAPSHOT-stubs.jar]","logger":"org.springframework.cloud.contract.stubrunner.AetherStubDownloader","thread":"main","level":"INFO","level_value":20000}
{"timestamp":"2023-02-21T09:08:59.872+07:00","version":"1","msg":"Unpacked file to [C:\\Users\\user\\AppData\\Local\\Temp\\contracts-1676945339846-0]","logger":"org.springframework.cloud.contract.stubrunner.AetherStubDownloader","thread":"main","level":"INFO","level_value":20000}
{"timestamp":"2023-02-21T09:09:02.576+07:00","version":"1","msg":"Started stub server for project [id.cranium.erp.user:user-service:0.0.1-SNAPSHOT:stubs] on port 8090 with [12] mappings","logger":"org.springframework.cloud.contract.stubrunner.StubServer","thread":"main","level":"INFO","level_value":20000}
{"timestamp":"2023-02-21T09:09:02.578+07:00","version":"1","msg":"All stubs are now running RunningStubs [namesAndPorts={id.cranium.erp.user:user-service:0.0.1-SNAPSHOT:stubs=8090}]","logger":"org.springframework.cloud.contract.stubrunner.StubRunnerExecutor","thread":"main","level":"INFO","level_value":20000}
{"timestamp":"2023-02-21T09:09:02.579+07:00","version":"1","msg":"Bean 'batchStubRunner' of type [org.springframework.cloud.contract.stubrunner.BatchStubRunner] is not eligible for getting processed by all BeanPostProcessors (for example: not eligible for auto-proxying)","logger":"org.springframework.context.support.PostProcessorRegistrationDelegate$BeanPostProcessorChecker","thread":"main","level":"INFO","level_value":20000}
{"timestamp":"2023-02-21T09:09:02.829+07:00","version":"1","msg":"Tomcat initialized with port(s): 0 (http)","logger":"org.springframework.boot.web.embedded.tomcat.TomcatWebServer","thread":"main","level":"INFO","level_value":20000}
{"timestamp":"2023-02-21T09:09:02.839+07:00","version":"1","msg":"Initializing ProtocolHandler [\"http-nio-auto-1\"]","logger":"org.apache.coyote.http11.Http11NioProtocol","thread":"main","level":"INFO","level_value":20000}
{"timestamp":"2023-02-21T09:09:02.84+07:00","version":"1","msg":"Starting service [Tomcat]","logger":"org.apache.catalina.core.StandardService","thread":"main","level":"INFO","level_value":20000}
{"timestamp":"2023-02-21T09:09:02.84+07:00","version":"1","msg":"Starting Servlet engine: [Apache Tomcat/10.1.5]","logger":"org.apache.catalina.core.StandardEngine","thread":"main","level":"INFO","level_value":20000}
{"timestamp":"2023-02-21T09:09:02.914+07:00","version":"1","msg":"Initializing Spring embedded WebApplicationContext","logger":"org.apache.catalina.core.ContainerBase.[Tomcat].[localhost].[/]","thread":"main","level":"INFO","level_value":20000}
{"timestamp":"2023-02-21T09:09:02.917+07:00","version":"1","msg":"Root WebApplicationContext: initialization completed in 4643 ms","logger":"org.springframework.boot.web.servlet.context.ServletWebServerApplicationContext","thread":"main","level":"INFO","level_value":20000}
{"timestamp":"2023-02-21T09:09:02.952+07:00","version":"1","msg":"HikariPool-1 - Starting...","logger":"com.zaxxer.hikari.HikariDataSource","thread":"main","level":"INFO","level_value":20000}
{"timestamp":"2023-02-21T09:09:03.141+07:00","version":"1","msg":"HikariPool-1 - Added connection conn0: url=jdbc:h2:mem:cranium_erp user=SA","logger":"com.zaxxer.hikari.pool.HikariPool","thread":"main","level":"INFO","level_value":20000}
{"timestamp":"2023-02-21T09:09:03.142+07:00","version":"1","msg":"HikariPool-1 - Start completed.","logger":"com.zaxxer.hikari.HikariDataSource","thread":"main","level":"INFO","level_value":20000}
{"timestamp":"2023-02-21T09:09:03.151+07:00","version":"1","msg":"HikariPool-2 - Starting...","logger":"com.zaxxer.hikari.HikariDataSource","thread":"main","level":"INFO","level_value":20000}
{"timestamp":"2023-02-21T09:09:03.155+07:00","version":"1","msg":"HikariPool-2 - Added connection conn1: url=jdbc:h2:mem:cranium_erp_slave user=SA","logger":"com.zaxxer.hikari.pool.HikariPool","thread":"main","level":"INFO","level_value":20000}
{"timestamp":"2023-02-21T09:09:03.156+07:00","version":"1","msg":"HikariPool-2 - Start completed.","logger":"com.zaxxer.hikari.HikariDataSource","thread":"main","level":"INFO","level_value":20000}
{"timestamp":"2023-02-21T09:09:03.156+07:00","version":"1","msg":"H2 console available at '/h2-console'. Databases available at 'jdbc:h2:mem:cranium_erp', 'jdbc:h2:mem:cranium_erp_slave'","logger":"org.springframework.boot.autoconfigure.h2.H2ConsoleAutoConfiguration","thread":"main","level":"INFO","level_value":20000}
{"timestamp":"2023-02-21T09:09:03.212+07:00","version":"1","msg":"Filter 'correlationConfiguration' configured for use","logger":"id.cranium.erp.starter.configuration.CorrelationConfiguration","thread":"main","level":"DEBUG","level_value":10000}
{"timestamp":"2023-02-21T09:09:03.86+07:00","version":"1","msg":"HHH000400: Using dialect: org.hibernate.dialect.H2Dialect","logger":"SQL dialect","thread":"main","level":"INFO","level_value":20000}
{"timestamp":"2023-02-21T09:09:04.215+07:00","version":"1","msg":"Initialized JPA EntityManagerFactory for persistence unit 'default'","logger":"org.springframework.orm.jpa.LocalContainerEntityManagerFactoryBean","thread":"main","level":"INFO","level_value":20000}
{"timestamp":"2023-02-21T09:09:04.281+07:00","version":"1","msg":"HHH000400: Using dialect: org.hibernate.dialect.H2Dialect","logger":"SQL dialect","thread":"main","level":"INFO","level_value":20000}
{"timestamp":"2023-02-21T09:09:04.293+07:00","version":"1","msg":"Initialized JPA EntityManagerFactory for persistence unit 'default'","logger":"org.springframework.orm.jpa.LocalContainerEntityManagerFactoryBean","thread":"main","level":"INFO","level_value":20000}
{"timestamp":"2023-02-21T09:09:04.656+07:00","version":"1","msg":"spring.jpa.open-in-view is enabled by default. Therefore, database queries may be performed during view rendering. Explicitly configure spring.jpa.open-in-view to disable this warning","logger":"org.springframework.boot.autoconfigure.orm.jpa.JpaBaseConfiguration$JpaWebConfiguration","thread":"main","level":"WARN","level_value":30000}
{"timestamp":"2023-02-21T09:09:05.16+07:00","version":"1","msg":"\r\n\r\nUsing generated security password: ede39c3b-1b1e-4b67-bdb4-65b3f01867e1\r\n\r\nThis generated password is for development use only. Your security configuration must be updated before running your application in production.\r\n","logger":"org.springframework.boot.autoconfigure.security.servlet.UserDetailsServiceAutoConfiguration","thread":"main","level":"WARN","level_value":30000}
{"timestamp":"2023-02-21T09:09:05.254+07:00","version":"1","msg":"Will secure any request with [org.springframework.security.web.session.DisableEncodeUrlFilter@7a625e2e, org.springframework.security.web.context.request.async.WebAsyncManagerIntegrationFilter@1812086, org.springframework.security.web.context.SecurityContextHolderFilter@63782ad0, org.springframework.security.web.header.HeaderWriterFilter@5710fcdf, org.springframework.security.web.csrf.CsrfFilter@6cee59d6, org.springframework.security.web.authentication.logout.LogoutFilter@5eb1fd44, org.springframework.security.web.authentication.UsernamePasswordAuthenticationFilter@43918bef, org.springframework.security.web.authentication.ui.DefaultLoginPageGeneratingFilter@78373fdf, org.springframework.security.web.authentication.ui.DefaultLogoutPageGeneratingFilter@6c8fa6b3, org.springframework.security.web.authentication.www.BasicAuthenticationFilter@2a48f570, org.springframework.security.web.savedrequest.RequestCacheAwareFilter@52b23f41, org.springframework.security.web.servletapi.SecurityContextHolderAwareRequestFilter@3b5a4aa5, org.springframework.security.web.authentication.AnonymousAuthenticationFilter@78ead218, org.springframework.security.web.access.ExceptionTranslationFilter@786f4b15, org.springframework.security.web.access.intercept.AuthorizationFilter@1d0d4478]","logger":"org.springframework.security.web.DefaultSecurityFilterChain","thread":"main","level":"INFO","level_value":20000}
{"timestamp":"2023-02-21T09:09:05.289+07:00","version":"1","msg":"The message verifier sender implementation is of type [class org.springframework.cloud.contract.verifier.messaging.noop.NoOpStubMessages]","logger":"org.springframework.cloud.contract.verifier.messaging.internal.ContractVerifierMessaging","thread":"main","level":"INFO","level_value":20000}
{"timestamp":"2023-02-21T09:09:05.289+07:00","version":"1","msg":"The message verifier receiver implementation is of type [class org.springframework.cloud.contract.verifier.messaging.noop.NoOpStubMessages]","logger":"org.springframework.cloud.contract.verifier.messaging.internal.ContractVerifierMessaging","thread":"main","level":"INFO","level_value":20000}
{"timestamp":"2023-02-21T09:09:05.311+07:00","version":"1","msg":"Starting ProtocolHandler [\"http-nio-auto-1\"]","logger":"org.apache.coyote.http11.Http11NioProtocol","thread":"main","level":"INFO","level_value":20000}
{"timestamp":"2023-02-21T09:09:05.326+07:00","version":"1","msg":"Tomcat started on port(s): 55742 (http) with context path ''","logger":"org.springframework.boot.web.embedded.tomcat.TomcatWebServer","thread":"main","level":"INFO","level_value":20000}
{"timestamp":"2023-02-21T09:09:05.334+07:00","version":"1","msg":"Started StarterAuthWebClientTest in 7.79 seconds (process running for 9.059)","logger":"id.cranium.erp.starter.client.auth.StarterAuthWebClientTest","thread":"main","level":"INFO","level_value":20000}
{"timestamp":"2023-02-21T09:09:06.18+07:00","version":"1","msg":"You've used fixed ports for WireMock setup - will mark context as dirty. Please use random ports, as much as possible. Your tests will be faster and more reliable and this warning will go away","logger":"org.springframework.cloud.contract.stubrunner.provider.wiremock.StubRunnerWireMockTestExecutionListener","thread":"main","level":"WARN","level_value":30000}
{"timestamp":"2023-02-21T09:09:06.191+07:00","version":"1","msg":"Pausing ProtocolHandler [\"http-nio-auto-1\"]","logger":"org.apache.coyote.http11.Http11NioProtocol","thread":"main","level":"INFO","level_value":20000}
{"timestamp":"2023-02-21T09:09:06.192+07:00","version":"1","msg":"Stopping service [Tomcat]","logger":"org.apache.catalina.core.StandardService","thread":"main","level":"INFO","level_value":20000}
{"timestamp":"2023-02-21T09:09:06.195+07:00","version":"1","msg":"Stopping ProtocolHandler [\"http-nio-auto-1\"]","logger":"org.apache.coyote.http11.Http11NioProtocol","thread":"main","level":"INFO","level_value":20000}
{"timestamp":"2023-02-21T09:09:06.197+07:00","version":"1","msg":"Destroying ProtocolHandler [\"http-nio-auto-1\"]","logger":"org.apache.coyote.http11.Http11NioProtocol","thread":"main","level":"INFO","level_value":20000}
{"timestamp":"2023-02-21T09:09:08.283+07:00","version":"1","msg":"Closing JPA EntityManagerFactory for persistence unit 'default'","logger":"org.springframework.orm.jpa.LocalContainerEntityManagerFactoryBean","thread":"main","level":"INFO","level_value":20000}
{"timestamp":"2023-02-21T09:09:08.285+07:00","version":"1","msg":"Closing JPA EntityManagerFactory for persistence unit 'default'","logger":"org.springframework.orm.jpa.LocalContainerEntityManagerFactoryBean","thread":"main","level":"INFO","level_value":20000}
{"timestamp":"2023-02-21T09:09:08.285+07:00","version":"1","msg":"HikariPool-2 - Shutdown initiated...","logger":"com.zaxxer.hikari.HikariDataSource","thread":"main","level":"INFO","level_value":20000}
{"timestamp":"2023-02-21T09:09:08.288+07:00","version":"1","msg":"HikariPool-2 - Shutdown completed.","logger":"com.zaxxer.hikari.HikariDataSource","thread":"main","level":"INFO","level_value":20000}
{"timestamp":"2023-02-21T09:09:08.288+07:00","version":"1","msg":"HikariPool-1 - Shutdown initiated...","logger":"com.zaxxer.hikari.HikariDataSource","thread":"main","level":"INFO","level_value":20000}
{"timestamp":"2023-02-21T09:09:08.289+07:00","version":"1","msg":"HikariPool-1 - Shutdown completed.","logger":"com.zaxxer.hikari.HikariDataSource","thread":"main","level":"INFO","level_value":20000}
{"timestamp":"2023-02-21T09:09:08.366+07:00","version":"1","msg":"Starting StarterUserWebClientTest using Java 17.0.6 with PID 11200 (started by Irvan Firiezky Bahri in C:\\Users\\user\\Projek-ERP\\erp-20230218\\erp\\starter-service)","logger":"id.cranium.erp.starter.client.user.StarterUserWebClientTest","thread":"main","level":"INFO","level_value":20000}
{"timestamp":"2023-02-21T09:09:08.368+07:00","version":"1","msg":"Running with Spring Boot, Spring","logger":"id.cranium.erp.starter.client.user.StarterUserWebClientTest","thread":"main","level":"DEBUG","level_value":10000}
{"timestamp":"2023-02-21T09:09:08.368+07:00","version":"1","msg":"The following 2 profiles are active: \"starter_test\", \"starterdto_test\"","logger":"id.cranium.erp.starter.client.user.StarterUserWebClientTest","thread":"main","level":"INFO","level_value":20000}
{"timestamp":"2023-02-21T09:09:08.595+07:00","version":"1","msg":"Bootstrapping Spring Data JPA repositories in DEFAULT mode.","logger":"org.springframework.data.repository.config.RepositoryConfigurationDelegate","thread":"main","level":"INFO","level_value":20000}
{"timestamp":"2023-02-21T09:09:08.622+07:00","version":"1","msg":"Finished Spring Data repository scanning in 26 ms. Found 0 JPA repository interfaces.","logger":"org.springframework.data.repository.config.RepositoryConfigurationDelegate","thread":"main","level":"INFO","level_value":20000}
{"timestamp":"2023-02-21T09:09:08.623+07:00","version":"1","msg":"Bootstrapping Spring Data JPA repositories in DEFAULT mode.","logger":"org.springframework.data.repository.config.RepositoryConfigurationDelegate","thread":"main","level":"INFO","level_value":20000}
{"timestamp":"2023-02-21T09:09:08.649+07:00","version":"1","msg":"Finished Spring Data repository scanning in 25 ms. Found 0 JPA repository interfaces.","logger":"org.springframework.data.repository.config.RepositoryConfigurationDelegate","thread":"main","level":"INFO","level_value":20000}
{"timestamp":"2023-02-21T09:09:08.7+07:00","version":"1","msg":"@Bean method StarterTestConfiguration.starterCustomScopeConfigurer is non-static and returns an object assignable to Spring's BeanFactoryPostProcessor interface. This will result in a failure to process annotations such as @Autowired, @Resource and @PostConstruct within the method's declaring @Configuration class. Add the 'static' modifier to this method to avoid these container lifecycle issues; see @Bean javadoc for complete details.","logger":"org.springframework.context.annotation.ConfigurationClassEnhancer","thread":"main","level":"INFO","level_value":20000}
{"timestamp":"2023-02-21T09:09:08.731+07:00","version":"1","msg":"Bean 'org.springframework.cloud.contract.stubrunner.spring.StubRunnerConfiguration' of type [org.springframework.cloud.contract.stubrunner.spring.StubRunnerConfiguration] is not eligible for getting processed by all BeanPostProcessors (for example: not eligible for auto-proxying)","logger":"org.springframework.context.support.PostProcessorRegistrationDelegate$BeanPostProcessorChecker","thread":"main","level":"INFO","level_value":20000}
{"timestamp":"2023-02-21T09:09:08.737+07:00","version":"1","msg":"Bean 'stubrunner-org.springframework.cloud.contract.stubrunner.spring.StubRunnerProperties' of type [org.springframework.cloud.contract.stubrunner.spring.StubRunnerProperties] is not eligible for getting processed by all BeanPostProcessors (for example: not eligible for auto-proxying)","logger":"org.springframework.context.support.PostProcessorRegistrationDelegate$BeanPostProcessorChecker","thread":"main","level":"INFO","level_value":20000}
{"timestamp":"2023-02-21T09:09:08.738+07:00","version":"1","msg":"Will download stubs and contracts via Aether","logger":"org.springframework.cloud.contract.stubrunner.AetherStubDownloaderBuilder","thread":"main","level":"INFO","level_value":20000}
{"timestamp":"2023-02-21T09:09:08.739+07:00","version":"1","msg":"Remote repos not passed but the switch to work offline was set. Stubs will be used from your local Maven repository.","logger":"org.springframework.cloud.contract.stubrunner.AetherStubDownloader","thread":"main","level":"INFO","level_value":20000}
{"timestamp":"2023-02-21T09:09:08.741+07:00","version":"1","msg":"Desired version is [+] - will try to resolve the latest version","logger":"org.springframework.cloud.contract.stubrunner.AetherStubDownloader","thread":"main","level":"INFO","level_value":20000}
{"timestamp":"2023-02-21T09:09:08.742+07:00","version":"1","msg":"Resolved version is [0.0.1-SNAPSHOT]","logger":"org.springframework.cloud.contract.stubrunner.AetherStubDownloader","thread":"main","level":"INFO","level_value":20000}
{"timestamp":"2023-02-21T09:09:08.744+07:00","version":"1","msg":"Resolved artifact [id.cranium.erp.user:user-service:jar:stubs:0.0.1-SNAPSHOT] to C:\\Users\\user\\.m2\\repository\\id\\cranium\\erp\\user\\user-service\\0.0.1-SNAPSHOT\\user-service-0.0.1-SNAPSHOT-stubs.jar","logger":"org.springframework.cloud.contract.stubrunner.AetherStubDownloader","thread":"main","level":"INFO","level_value":20000}
{"timestamp":"2023-02-21T09:09:08.745+07:00","version":"1","msg":"Unpacking stub from JAR [URI: file:/C:/Users/user/.m2/repository/id/cranium/erp/user/user-service/0.0.1-SNAPSHOT/user-service-0.0.1-SNAPSHOT-stubs.jar]","logger":"org.springframework.cloud.contract.stubrunner.AetherStubDownloader","thread":"main","level":"INFO","level_value":20000}
{"timestamp":"2023-02-21T09:09:08.76+07:00","version":"1","msg":"Unpacked file to [C:\\Users\\user\\AppData\\Local\\Temp\\contracts-1676945348745-0]","logger":"org.springframework.cloud.contract.stubrunner.AetherStubDownloader","thread":"main","level":"INFO","level_value":20000}
{"timestamp":"2023-02-21T09:09:09.505+07:00","version":"1","msg":"Started stub server for project [id.cranium.erp.user:user-service:0.0.1-SNAPSHOT:stubs] on port 8090 with [12] mappings","logger":"org.springframework.cloud.contract.stubrunner.StubServer","thread":"main","level":"INFO","level_value":20000}
{"timestamp":"2023-02-21T09:09:09.506+07:00","version":"1","msg":"All stubs are now running RunningStubs [namesAndPorts={id.cranium.erp.user:user-service:0.0.1-SNAPSHOT:stubs=8090}]","logger":"org.springframework.cloud.contract.stubrunner.StubRunnerExecutor","thread":"main","level":"INFO","level_value":20000}
{"timestamp":"2023-02-21T09:09:09.506+07:00","version":"1","msg":"Bean 'batchStubRunner' of type [org.springframework.cloud.contract.stubrunner.BatchStubRunner] is not eligible for getting processed by all BeanPostProcessors (for example: not eligible for auto-proxying)","logger":"org.springframework.context.support.PostProcessorRegistrationDelegate$BeanPostProcessorChecker","thread":"main","level":"INFO","level_value":20000}
{"timestamp":"2023-02-21T09:09:09.534+07:00","version":"1","msg":"Tomcat initialized with port(s): 0 (http)","logger":"org.springframework.boot.web.embedded.tomcat.TomcatWebServer","thread":"main","level":"INFO","level_value":20000}
{"timestamp":"2023-02-21T09:09:09.535+07:00","version":"1","msg":"Initializing ProtocolHandler [\"http-nio-auto-2\"]","logger":"org.apache.coyote.http11.Http11NioProtocol","thread":"main","level":"INFO","level_value":20000}
{"timestamp":"2023-02-21T09:09:09.535+07:00","version":"1","msg":"Starting service [Tomcat]","logger":"org.apache.catalina.core.StandardService","thread":"main","level":"INFO","level_value":20000}
{"timestamp":"2023-02-21T09:09:09.536+07:00","version":"1","msg":"Starting Servlet engine: [Apache Tomcat/10.1.5]","logger":"org.apache.catalina.core.StandardEngine","thread":"main","level":"INFO","level_value":20000}
{"timestamp":"2023-02-21T09:09:09.557+07:00","version":"1","msg":"Initializing Spring embedded WebApplicationContext","logger":"org.apache.catalina.core.ContainerBase.[Tomcat].[localhost].[/]","thread":"main","level":"INFO","level_value":20000}
{"timestamp":"2023-02-21T09:09:09.558+07:00","version":"1","msg":"Root WebApplicationContext: initialization completed in 1189 ms","logger":"org.springframework.boot.web.servlet.context.ServletWebServerApplicationContext","thread":"main","level":"INFO","level_value":20000}
{"timestamp":"2023-02-21T09:09:09.572+07:00","version":"1","msg":"HikariPool-3 - Starting...","logger":"com.zaxxer.hikari.HikariDataSource","thread":"main","level":"INFO","level_value":20000}
{"timestamp":"2023-02-21T09:09:09.576+07:00","version":"1","msg":"HikariPool-3 - Added connection conn20: url=jdbc:h2:mem:cranium_erp user=SA","logger":"com.zaxxer.hikari.pool.HikariPool","thread":"main","level":"INFO","level_value":20000}
{"timestamp":"2023-02-21T09:09:09.577+07:00","version":"1","msg":"HikariPool-3 - Start completed.","logger":"com.zaxxer.hikari.HikariDataSource","thread":"main","level":"INFO","level_value":20000}
{"timestamp":"2023-02-21T09:09:09.577+07:00","version":"1","msg":"HikariPool-4 - Starting...","logger":"com.zaxxer.hikari.HikariDataSource","thread":"main","level":"INFO","level_value":20000}
{"timestamp":"2023-02-21T09:09:09.58+07:00","version":"1","msg":"HikariPool-4 - Added connection conn21: url=jdbc:h2:mem:cranium_erp_slave user=SA","logger":"com.zaxxer.hikari.pool.HikariPool","thread":"main","level":"INFO","level_value":20000}
{"timestamp":"2023-02-21T09:09:09.581+07:00","version":"1","msg":"HikariPool-4 - Start completed.","logger":"com.zaxxer.hikari.HikariDataSource","thread":"main","level":"INFO","level_value":20000}
{"timestamp":"2023-02-21T09:09:09.581+07:00","version":"1","msg":"H2 console available at '/h2-console'. Databases available at 'jdbc:h2:mem:cranium_erp', 'jdbc:h2:mem:cranium_erp_slave'","logger":"org.springframework.boot.autoconfigure.h2.H2ConsoleAutoConfiguration","thread":"main","level":"INFO","level_value":20000}
{"timestamp":"2023-02-21T09:09:09.59+07:00","version":"1","msg":"Filter 'correlationConfiguration' configured for use","logger":"id.cranium.erp.starter.configuration.CorrelationConfiguration","thread":"main","level":"DEBUG","level_value":10000}
{"timestamp":"2023-02-21T09:09:09.714+07:00","version":"1","msg":"HHH000400: Using dialect: org.hibernate.dialect.H2Dialect","logger":"SQL dialect","thread":"main","level":"INFO","level_value":20000}
{"timestamp":"2023-02-21T09:09:09.724+07:00","version":"1","msg":"Initialized JPA EntityManagerFactory for persistence unit 'default'","logger":"org.springframework.orm.jpa.LocalContainerEntityManagerFactoryBean","thread":"main","level":"INFO","level_value":20000}
{"timestamp":"2023-02-21T09:09:09.786+07:00","version":"1","msg":"HHH000400: Using dialect: org.hibernate.dialect.H2Dialect","logger":"SQL dialect","thread":"main","level":"INFO","level_value":20000}
{"timestamp":"2023-02-21T09:09:09.8+07:00","version":"1","msg":"Initialized JPA EntityManagerFactory for persistence unit 'default'","logger":"org.springframework.orm.jpa.LocalContainerEntityManagerFactoryBean","thread":"main","level":"INFO","level_value":20000}
{"timestamp":"2023-02-21T09:09:09.831+07:00","version":"1","msg":"spring.jpa.open-in-view is enabled by default. Therefore, database queries may be performed during view rendering. Explicitly configure spring.jpa.open-in-view to disable this warning","logger":"org.springframework.boot.autoconfigure.orm.jpa.JpaBaseConfiguration$JpaWebConfiguration","thread":"main","level":"WARN","level_value":30000}
{"timestamp":"2023-02-21T09:09:10.009+07:00","version":"1","msg":"\r\n\r\nUsing generated security password: 29295345-889f-4332-8ee5-69336efcfdf6\r\n\r\nThis generated password is for development use only. Your security configuration must be updated before running your application in production.\r\n","logger":"org.springframework.boot.autoconfigure.security.servlet.UserDetailsServiceAutoConfiguration","thread":"main","level":"WARN","level_value":30000}
{"timestamp":"2023-02-21T09:09:10.021+07:00","version":"1","msg":"Will secure any request with [org.springframework.security.web.session.DisableEncodeUrlFilter@5b966b9, org.springframework.security.web.context.request.async.WebAsyncManagerIntegrationFilter@604c4c8c, org.springframework.security.web.context.SecurityContextHolderFilter@11767557, org.springframework.security.web.header.HeaderWriterFilter@3a20785e, org.springframework.security.web.csrf.CsrfFilter@710a84e7, org.springframework.security.web.authentication.logout.LogoutFilter@28da3eb1, org.springframework.security.web.authentication.UsernamePasswordAuthenticationFilter@151c870d, org.springframework.security.web.authentication.ui.DefaultLoginPageGeneratingFilter@492882b0, org.springframework.security.web.authentication.ui.DefaultLogoutPageGeneratingFilter@11199b67, org.springframework.security.web.authentication.www.BasicAuthenticationFilter@6cca0ca9, org.springframework.security.web.savedrequest.RequestCacheAwareFilter@347ee622, org.springframework.security.web.servletapi.SecurityContextHolderAwareRequestFilter@70f3e678, org.springframework.security.web.authentication.AnonymousAuthenticationFilter@2d8a62a9, org.springframework.security.web.access.ExceptionTranslationFilter@4c311f1a, org.springframework.security.web.access.intercept.AuthorizationFilter@4ac5fab8]","logger":"org.springframework.security.web.DefaultSecurityFilterChain","thread":"main","level":"INFO","level_value":20000}
{"timestamp":"2023-02-21T09:09:10.035+07:00","version":"1","msg":"The message verifier sender implementation is of type [class org.springframework.cloud.contract.verifier.messaging.noop.NoOpStubMessages]","logger":"org.springframework.cloud.contract.verifier.messaging.internal.ContractVerifierMessaging","thread":"main","level":"INFO","level_value":20000}
{"timestamp":"2023-02-21T09:09:10.036+07:00","version":"1","msg":"The message verifier receiver implementation is of type [class org.springframework.cloud.contract.verifier.messaging.noop.NoOpStubMessages]","logger":"org.springframework.cloud.contract.verifier.messaging.internal.ContractVerifierMessaging","thread":"main","level":"INFO","level_value":20000}
{"timestamp":"2023-02-21T09:09:10.046+07:00","version":"1","msg":"Starting ProtocolHandler [\"http-nio-auto-2\"]","logger":"org.apache.coyote.http11.Http11NioProtocol","thread":"main","level":"INFO","level_value":20000}
{"timestamp":"2023-02-21T09:09:10.05+07:00","version":"1","msg":"Tomcat started on port(s): 55759 (http) with context path ''","logger":"org.springframework.boot.web.embedded.tomcat.TomcatWebServer","thread":"main","level":"INFO","level_value":20000}
{"timestamp":"2023-02-21T09:09:10.053+07:00","version":"1","msg":"Started StarterUserWebClientTest in 1.733 seconds (process running for 13.779)","logger":"id.cranium.erp.starter.client.user.StarterUserWebClientTest","thread":"main","level":"INFO","level_value":20000}
{"timestamp":"2023-02-21T09:09:10.1+07:00","version":"1","msg":"You've used fixed ports for WireMock setup - will mark context as dirty. Please use random ports, as much as possible. Your tests will be faster and more reliable and this warning will go away","logger":"org.springframework.cloud.contract.stubrunner.provider.wiremock.StubRunnerWireMockTestExecutionListener","thread":"main","level":"WARN","level_value":30000}
{"timestamp":"2023-02-21T09:09:10.11+07:00","version":"1","msg":"Pausing ProtocolHandler [\"http-nio-auto-2\"]","logger":"org.apache.coyote.http11.Http11NioProtocol","thread":"main","level":"INFO","level_value":20000}
{"timestamp":"2023-02-21T09:09:10.111+07:00","version":"1","msg":"Stopping service [Tomcat]","logger":"org.apache.catalina.core.StandardService","thread":"main","level":"INFO","level_value":20000}
{"timestamp":"2023-02-21T09:09:10.112+07:00","version":"1","msg":"Stopping ProtocolHandler [\"http-nio-auto-2\"]","logger":"org.apache.coyote.http11.Http11NioProtocol","thread":"main","level":"INFO","level_value":20000}
{"timestamp":"2023-02-21T09:09:10.113+07:00","version":"1","msg":"Destroying ProtocolHandler [\"http-nio-auto-2\"]","logger":"org.apache.coyote.http11.Http11NioProtocol","thread":"main","level":"INFO","level_value":20000}
{"timestamp":"2023-02-21T09:09:12.185+07:00","version":"1","msg":"Closing JPA EntityManagerFactory for persistence unit 'default'","logger":"org.springframework.orm.jpa.LocalContainerEntityManagerFactoryBean","thread":"main","level":"INFO","level_value":20000}
{"timestamp":"2023-02-21T09:09:12.186+07:00","version":"1","msg":"Closing JPA EntityManagerFactory for persistence unit 'default'","logger":"org.springframework.orm.jpa.LocalContainerEntityManagerFactoryBean","thread":"main","level":"INFO","level_value":20000}
{"timestamp":"2023-02-21T09:09:12.186+07:00","version":"1","msg":"HikariPool-4 - Shutdown initiated...","logger":"com.zaxxer.hikari.HikariDataSource","thread":"main","level":"INFO","level_value":20000}
{"timestamp":"2023-02-21T09:09:12.187+07:00","version":"1","msg":"HikariPool-4 - Shutdown completed.","logger":"com.zaxxer.hikari.HikariDataSource","thread":"main","level":"INFO","level_value":20000}
{"timestamp":"2023-02-21T09:09:12.187+07:00","version":"1","msg":"HikariPool-3 - Shutdown initiated...","logger":"com.zaxxer.hikari.HikariDataSource","thread":"main","level":"INFO","level_value":20000}
{"timestamp":"2023-02-21T09:09:12.189+07:00","version":"1","msg":"HikariPool-3 - Shutdown completed.","logger":"com.zaxxer.hikari.HikariDataSource","thread":"main","level":"INFO","level_value":20000}
{"timestamp":"2023-02-21T09:09:12.24+07:00","version":"1","msg":"Starting StarterServiceApplicationTests using Java 17.0.6 with PID 11200 (started by Irvan Firiezky Bahri in C:\\Users\\user\\Projek-ERP\\erp-20230218\\erp\\starter-service)","logger":"id.cranium.erp.starter.starterservice.StarterServiceApplicationTests","thread":"main","level":"INFO","level_value":20000}
{"timestamp":"2023-02-21T09:09:12.242+07:00","version":"1","msg":"Running with Spring Boot, Spring","logger":"id.cranium.erp.starter.starterservice.StarterServiceApplicationTests","thread":"main","level":"DEBUG","level_value":10000}
{"timestamp":"2023-02-21T09:09:12.243+07:00","version":"1","msg":"The following 2 profiles are active: \"starter_test\", \"starterdto_test\"","logger":"id.cranium.erp.starter.starterservice.StarterServiceApplicationTests","thread":"main","level":"INFO","level_value":20000}
{"timestamp":"2023-02-21T09:09:12.437+07:00","version":"1","msg":"Bootstrapping Spring Data JPA repositories in DEFAULT mode.","logger":"org.springframework.data.repository.config.RepositoryConfigurationDelegate","thread":"main","level":"INFO","level_value":20000}
{"timestamp":"2023-02-21T09:09:12.463+07:00","version":"1","msg":"Finished Spring Data repository scanning in 25 ms. Found 0 JPA repository interfaces.","logger":"org.springframework.data.repository.config.RepositoryConfigurationDelegate","thread":"main","level":"INFO","level_value":20000}
{"timestamp":"2023-02-21T09:09:12.464+07:00","version":"1","msg":"Bootstrapping Spring Data JPA repositories in DEFAULT mode.","logger":"org.springframework.data.repository.config.RepositoryConfigurationDelegate","thread":"main","level":"INFO","level_value":20000}
{"timestamp":"2023-02-21T09:09:12.493+07:00","version":"1","msg":"Finished Spring Data repository scanning in 28 ms. Found 0 JPA repository interfaces.","logger":"org.springframework.data.repository.config.RepositoryConfigurationDelegate","thread":"main","level":"INFO","level_value":20000}
{"timestamp":"2023-02-21T09:09:12.536+07:00","version":"1","msg":"@Bean method StarterTestConfiguration.starterCustomScopeConfigurer is non-static and returns an object assignable to Spring's BeanFactoryPostProcessor interface. This will result in a failure to process annotations such as @Autowired, @Resource and @PostConstruct within the method's declaring @Configuration class. Add the 'static' modifier to this method to avoid these container lifecycle issues; see @Bean javadoc for complete details.","logger":"org.springframework.context.annotation.ConfigurationClassEnhancer","thread":"main","level":"INFO","level_value":20000}
{"timestamp":"2023-02-21T09:09:12.582+07:00","version":"1","msg":"Tomcat initialized with port(s): 0 (http)","logger":"org.springframework.boot.web.embedded.tomcat.TomcatWebServer","thread":"main","level":"INFO","level_value":20000}
{"timestamp":"2023-02-21T09:09:12.583+07:00","version":"1","msg":"Initializing ProtocolHandler [\"http-nio-auto-3\"]","logger":"org.apache.coyote.http11.Http11NioProtocol","thread":"main","level":"INFO","level_value":20000}
{"timestamp":"2023-02-21T09:09:12.583+07:00","version":"1","msg":"Starting service [Tomcat]","logger":"org.apache.catalina.core.StandardService","thread":"main","level":"INFO","level_value":20000}
{"timestamp":"2023-02-21T09:09:12.584+07:00","version":"1","msg":"Starting Servlet engine: [Apache Tomcat/10.1.5]","logger":"org.apache.catalina.core.StandardEngine","thread":"main","level":"INFO","level_value":20000}
{"timestamp":"2023-02-21T09:09:12.605+07:00","version":"1","msg":"Initializing Spring embedded WebApplicationContext","logger":"org.apache.catalina.core.ContainerBase.[Tomcat].[localhost].[/]","thread":"main","level":"INFO","level_value":20000}
{"timestamp":"2023-02-21T09:09:12.606+07:00","version":"1","msg":"Root WebApplicationContext: initialization completed in 362 ms","logger":"org.springframework.boot.web.servlet.context.ServletWebServerApplicationContext","thread":"main","level":"INFO","level_value":20000}
{"timestamp":"2023-02-21T09:09:12.617+07:00","version":"1","msg":"HikariPool-5 - Starting...","logger":"com.zaxxer.hikari.HikariDataSource","thread":"main","level":"INFO","level_value":20000}
{"timestamp":"2023-02-21T09:09:12.62+07:00","version":"1","msg":"HikariPool-5 - Added connection conn40: url=jdbc:h2:mem:cranium_erp user=SA","logger":"com.zaxxer.hikari.pool.HikariPool","thread":"main","level":"INFO","level_value":20000}
{"timestamp":"2023-02-21T09:09:12.621+07:00","version":"1","msg":"HikariPool-5 - Start completed.","logger":"com.zaxxer.hikari.HikariDataSource","thread":"main","level":"INFO","level_value":20000}
{"timestamp":"2023-02-21T09:09:12.621+07:00","version":"1","msg":"HikariPool-6 - Starting...","logger":"com.zaxxer.hikari.HikariDataSource","thread":"main","level":"INFO","level_value":20000}
{"timestamp":"2023-02-21T09:09:12.624+07:00","version":"1","msg":"HikariPool-6 - Added connection conn41: url=jdbc:h2:mem:cranium_erp_slave user=SA","logger":"com.zaxxer.hikari.pool.HikariPool","thread":"main","level":"INFO","level_value":20000}
{"timestamp":"2023-02-21T09:09:12.625+07:00","version":"1","msg":"HikariPool-6 - Start completed.","logger":"com.zaxxer.hikari.HikariDataSource","thread":"main","level":"INFO","level_value":20000}
{"timestamp":"2023-02-21T09:09:12.625+07:00","version":"1","msg":"H2 console available at '/h2-console'. Databases available at 'jdbc:h2:mem:cranium_erp', 'jdbc:h2:mem:cranium_erp_slave'","logger":"org.springframework.boot.autoconfigure.h2.H2ConsoleAutoConfiguration","thread":"main","level":"INFO","level_value":20000}
{"timestamp":"2023-02-21T09:09:12.633+07:00","version":"1","msg":"Filter 'correlationConfiguration' configured for use","logger":"id.cranium.erp.starter.configuration.CorrelationConfiguration","thread":"main","level":"DEBUG","level_value":10000}
{"timestamp":"2023-02-21T09:09:12.758+07:00","version":"1","msg":"HHH000400: Using dialect: org.hibernate.dialect.H2Dialect","logger":"SQL dialect","thread":"main","level":"INFO","level_value":20000}
{"timestamp":"2023-02-21T09:09:12.769+07:00","version":"1","msg":"Initialized JPA EntityManagerFactory for persistence unit 'default'","logger":"org.springframework.orm.jpa.LocalContainerEntityManagerFactoryBean","thread":"main","level":"INFO","level_value":20000}
{"timestamp":"2023-02-21T09:09:12.828+07:00","version":"1","msg":"HHH000400: Using dialect: org.hibernate.dialect.H2Dialect","logger":"SQL dialect","thread":"main","level":"INFO","level_value":20000}
{"timestamp":"2023-02-21T09:09:12.839+07:00","version":"1","msg":"Initialized JPA EntityManagerFactory for persistence unit 'default'","logger":"org.springframework.orm.jpa.LocalContainerEntityManagerFactoryBean","thread":"main","level":"INFO","level_value":20000}
{"timestamp":"2023-02-21T09:09:12.866+07:00","version":"1","msg":"spring.jpa.open-in-view is enabled by default. Therefore, database queries may be performed during view rendering. Explicitly configure spring.jpa.open-in-view to disable this warning","logger":"org.springframework.boot.autoconfigure.orm.jpa.JpaBaseConfiguration$JpaWebConfiguration","thread":"main","level":"WARN","level_value":30000}
{"timestamp":"2023-02-21T09:09:13.03+07:00","version":"1","msg":"\r\n\r\nUsing generated security password: 02f1a184-62e5-48ba-93ee-b030767f4429\r\n\r\nThis generated password is for development use only. Your security configuration must be updated before running your application in production.\r\n","logger":"org.springframework.boot.autoconfigure.security.servlet.UserDetailsServiceAutoConfiguration","thread":"main","level":"WARN","level_value":30000}
{"timestamp":"2023-02-21T09:09:13.041+07:00","version":"1","msg":"Will secure any request with [org.springframework.security.web.session.DisableEncodeUrlFilter@514df93c, org.springframework.security.web.context.request.async.WebAsyncManagerIntegrationFilter@69396a1c, org.springframework.security.web.context.SecurityContextHolderFilter@61d18376, org.springframework.security.web.header.HeaderWriterFilter@40426682, org.springframework.security.web.csrf.CsrfFilter@5511d1a, org.springframework.security.web.authentication.logout.LogoutFilter@56106cef, org.springframework.security.web.authentication.UsernamePasswordAuthenticationFilter@6fed59ae, org.springframework.security.web.authentication.ui.DefaultLoginPageGeneratingFilter@784d12b6, org.springframework.security.web.authentication.ui.DefaultLogoutPageGeneratingFilter@6c1c7ebc, org.springframework.security.web.authentication.www.BasicAuthenticationFilter@3a4f37a8, org.springframework.security.web.savedrequest.RequestCacheAwareFilter@6ce5eb9b, org.springframework.security.web.servletapi.SecurityContextHolderAwareRequestFilter@2b68172f, org.springframework.security.web.authentication.AnonymousAuthenticationFilter@2f2de6e0, org.springframework.security.web.access.ExceptionTranslationFilter@52d2a313, org.springframework.security.web.access.intercept.AuthorizationFilter@2d62a5cc]","logger":"org.springframework.security.web.DefaultSecurityFilterChain","thread":"main","level":"INFO","level_value":20000}
{"timestamp":"2023-02-21T09:09:13.056+07:00","version":"1","msg":"Starting ProtocolHandler [\"http-nio-auto-3\"]","logger":"org.apache.coyote.http11.Http11NioProtocol","thread":"main","level":"INFO","level_value":20000}
{"timestamp":"2023-02-21T09:09:13.06+07:00","version":"1","msg":"Tomcat started on port(s): 55762 (http) with context path ''","logger":"org.springframework.boot.web.embedded.tomcat.TomcatWebServer","thread":"main","level":"INFO","level_value":20000}
{"timestamp":"2023-02-21T09:09:13.063+07:00","version":"1","msg":"Started StarterServiceApplicationTests in 0.857 seconds (process running for 16.788)","logger":"id.cranium.erp.starter.starterservice.StarterServiceApplicationTests","thread":"main","level":"INFO","level_value":20000}
{"timestamp":"2023-02-21T09:09:13.232+07:00","version":"1","msg":"Closing JPA EntityManagerFactory for persistence unit 'default'","logger":"org.springframework.orm.jpa.LocalContainerEntityManagerFactoryBean","thread":"SpringApplicationShutdownHook","level":"INFO","level_value":20000}
{"timestamp":"2023-02-21T09:09:13.232+07:00","version":"1","msg":"Closing JPA EntityManagerFactory for persistence unit 'default'","logger":"org.springframework.orm.jpa.LocalContainerEntityManagerFactoryBean","thread":"SpringApplicationShutdownHook","level":"INFO","level_value":20000}
{"timestamp":"2023-02-21T09:09:13.233+07:00","version":"1","msg":"HikariPool-6 - Shutdown initiated...","logger":"com.zaxxer.hikari.HikariDataSource","thread":"SpringApplicationShutdownHook","level":"INFO","level_value":20000}
{"timestamp":"2023-02-21T09:09:13.233+07:00","version":"1","msg":"HikariPool-6 - Shutdown completed.","logger":"com.zaxxer.hikari.HikariDataSource","thread":"SpringApplicationShutdownHook","level":"INFO","level_value":20000}
{"timestamp":"2023-02-21T09:09:13.234+07:00","version":"1","msg":"HikariPool-5 - Shutdown initiated...","logger":"com.zaxxer.hikari.HikariDataSource","thread":"SpringApplicationShutdownHook","level":"INFO","level_value":20000}
{"timestamp":"2023-02-21T09:09:13.234+07:00","version":"1","msg":"HikariPool-5 - Shutdown completed.","logger":"com.zaxxer.hikari.HikariDataSource","thread":"SpringApplicationShutdownHook","level":"INFO","level_value":20000}
